{"F:\\Coding\\React\\Sistem-Hunian-V2\\src\\features\\audit\\api\\auditApi.ts": {"path":"F:\\Coding\\React\\Sistem-Hunian-V2\\src\\features\\audit\\api\\auditApi.ts","statementMap":{"0":{"start":{"line":5,"column":38},"end":{"line":8,"column":null}},"1":{"start":{"line":9,"column":2},"end":{"line":9,"column":null}},"2":{"start":{"line":9,"column":27},"end":{"line":9,"column":null}},"3":{"start":{"line":10,"column":2},"end":{"line":10,"column":null}},"4":{"start":{"line":10,"column":23},"end":{"line":10,"column":null}},"5":{"start":{"line":11,"column":2},"end":{"line":11,"column":null}},"6":{"start":{"line":11,"column":26},"end":{"line":11,"column":null}},"7":{"start":{"line":12,"column":2},"end":{"line":12,"column":null}},"8":{"start":{"line":12,"column":25},"end":{"line":12,"column":null}},"9":{"start":{"line":13,"column":2},"end":{"line":13,"column":null}},"10":{"start":{"line":13,"column":23},"end":{"line":13,"column":null}},"11":{"start":{"line":14,"column":2},"end":{"line":14,"column":null}},"12":{"start":{"line":14,"column":26},"end":{"line":14,"column":null}},"13":{"start":{"line":16,"column":19},"end":{"line":16,"column":null}},"14":{"start":{"line":17,"column":2},"end":{"line":20,"column":null}},"15":{"start":{"line":26,"column":17},"end":{"line":26,"column":null}},"16":{"start":{"line":27,"column":2},"end":{"line":27,"column":null}},"17":{"start":{"line":27,"column":27},"end":{"line":27,"column":null}},"18":{"start":{"line":28,"column":2},"end":{"line":28,"column":null}},"19":{"start":{"line":28,"column":23},"end":{"line":28,"column":null}},"20":{"start":{"line":29,"column":2},"end":{"line":29,"column":null}},"21":{"start":{"line":29,"column":26},"end":{"line":29,"column":null}},"22":{"start":{"line":30,"column":2},"end":{"line":30,"column":null}},"23":{"start":{"line":30,"column":25},"end":{"line":30,"column":null}},"24":{"start":{"line":31,"column":2},"end":{"line":31,"column":null}},"25":{"start":{"line":31,"column":23},"end":{"line":31,"column":null}},"26":{"start":{"line":32,"column":2},"end":{"line":32,"column":null}},"27":{"start":{"line":32,"column":26},"end":{"line":32,"column":null}},"28":{"start":{"line":34,"column":19},"end":{"line":36,"column":null}},"29":{"start":{"line":37,"column":2},"end":{"line":37,"column":null}},"30":{"start":{"line":41,"column":19},"end":{"line":41,"column":null}},"31":{"start":{"line":43,"column":2},"end":{"line":43,"column":null}}},"fnMap":{"0":{"name":"getAuditRoomStatus","decl":{"start":{"line":4,"column":22},"end":{"line":4,"column":41}},"loc":{"start":{"line":4,"column":62},"end":{"line":21,"column":null}},"line":4},"1":{"name":"exportAuditCsv","decl":{"start":{"line":23,"column":22},"end":{"line":23,"column":null}},"loc":{"start":{"line":24,"column":47},"end":{"line":38,"column":null}},"line":24},"2":{"name":"getUsersList","decl":{"start":{"line":40,"column":22},"end":{"line":40,"column":null}},"loc":{"start":{"line":40,"column":22},"end":{"line":44,"column":null}},"line":40}},"branchMap":{"0":{"loc":{"start":{"line":9,"column":2},"end":{"line":9,"column":null}},"type":"if","locations":[{"start":{"line":9,"column":2},"end":{"line":9,"column":null}},{"start":{},"end":{}}],"line":9},"1":{"loc":{"start":{"line":10,"column":2},"end":{"line":10,"column":null}},"type":"if","locations":[{"start":{"line":10,"column":2},"end":{"line":10,"column":null}},{"start":{},"end":{}}],"line":10},"2":{"loc":{"start":{"line":11,"column":2},"end":{"line":11,"column":null}},"type":"if","locations":[{"start":{"line":11,"column":2},"end":{"line":11,"column":null}},{"start":{},"end":{}}],"line":11},"3":{"loc":{"start":{"line":12,"column":2},"end":{"line":12,"column":null}},"type":"if","locations":[{"start":{"line":12,"column":2},"end":{"line":12,"column":null}},{"start":{},"end":{}}],"line":12},"4":{"loc":{"start":{"line":13,"column":2},"end":{"line":13,"column":null}},"type":"if","locations":[{"start":{"line":13,"column":2},"end":{"line":13,"column":null}},{"start":{},"end":{}}],"line":13},"5":{"loc":{"start":{"line":14,"column":2},"end":{"line":14,"column":null}},"type":"if","locations":[{"start":{"line":14,"column":2},"end":{"line":14,"column":null}},{"start":{},"end":{}}],"line":14},"6":{"loc":{"start":{"line":18,"column":11},"end":{"line":18,"column":27}},"type":"binary-expr","locations":[{"start":{"line":18,"column":11},"end":{"line":18,"column":25}},{"start":{"line":18,"column":25},"end":{"line":18,"column":27}}],"line":18},"7":{"loc":{"start":{"line":19,"column":16},"end":{"line":19,"column":null}},"type":"binary-expr","locations":[{"start":{"line":19,"column":16},"end":{"line":19,"column":36}},{"start":{"line":19,"column":36},"end":{"line":19,"column":null}}],"line":19},"8":{"loc":{"start":{"line":27,"column":2},"end":{"line":27,"column":null}},"type":"if","locations":[{"start":{"line":27,"column":2},"end":{"line":27,"column":null}},{"start":{},"end":{}}],"line":27},"9":{"loc":{"start":{"line":28,"column":2},"end":{"line":28,"column":null}},"type":"if","locations":[{"start":{"line":28,"column":2},"end":{"line":28,"column":null}},{"start":{},"end":{}}],"line":28},"10":{"loc":{"start":{"line":29,"column":2},"end":{"line":29,"column":null}},"type":"if","locations":[{"start":{"line":29,"column":2},"end":{"line":29,"column":null}},{"start":{},"end":{}}],"line":29},"11":{"loc":{"start":{"line":30,"column":2},"end":{"line":30,"column":null}},"type":"if","locations":[{"start":{"line":30,"column":2},"end":{"line":30,"column":null}},{"start":{},"end":{}}],"line":30},"12":{"loc":{"start":{"line":31,"column":2},"end":{"line":31,"column":null}},"type":"if","locations":[{"start":{"line":31,"column":2},"end":{"line":31,"column":null}},{"start":{},"end":{}}],"line":31},"13":{"loc":{"start":{"line":32,"column":2},"end":{"line":32,"column":null}},"type":"if","locations":[{"start":{"line":32,"column":2},"end":{"line":32,"column":null}},{"start":{},"end":{}}],"line":32},"14":{"loc":{"start":{"line":43,"column":9},"end":{"line":43,"column":55}},"type":"cond-expr","locations":[{"start":{"line":43,"column":31},"end":{"line":43,"column":39}},{"start":{"line":43,"column":39},"end":{"line":43,"column":55}}],"line":43},"15":{"loc":{"start":{"line":43,"column":39},"end":{"line":43,"column":55}},"type":"binary-expr","locations":[{"start":{"line":43,"column":39},"end":{"line":43,"column":53}},{"start":{"line":43,"column":53},"end":{"line":43,"column":55}}],"line":43}},"s":{"0":11,"1":11,"2":2,"3":11,"4":2,"5":11,"6":2,"7":11,"8":2,"9":11,"10":2,"11":11,"12":2,"13":11,"14":9,"15":3,"16":3,"17":1,"18":3,"19":0,"20":3,"21":0,"22":3,"23":1,"24":3,"25":1,"26":3,"27":0,"28":3,"29":2,"30":4,"31":2},"f":{"0":11,"1":3,"2":4},"b":{"0":[2,9],"1":[2,9],"2":[2,9],"3":[2,9],"4":[2,9],"5":[2,9],"6":[9,0],"7":[11,5],"8":[1,2],"9":[0,3],"10":[0,3],"11":[1,2],"12":[1,2],"13":[0,3],"14":[2,0],"15":[0,0]},"meta":{"lastBranch":16,"lastFunction":3,"lastStatement":32,"seen":{"f:4:22:4:41":0,"s:5:38:8:Infinity":0,"b:9:2:9:Infinity:undefined:undefined:undefined:undefined":0,"s:9:2:9:Infinity":1,"s:9:27:9:Infinity":2,"b:10:2:10:Infinity:undefined:undefined:undefined:undefined":1,"s:10:2:10:Infinity":3,"s:10:23:10:Infinity":4,"b:11:2:11:Infinity:undefined:undefined:undefined:undefined":2,"s:11:2:11:Infinity":5,"s:11:26:11:Infinity":6,"b:12:2:12:Infinity:undefined:undefined:undefined:undefined":3,"s:12:2:12:Infinity":7,"s:12:25:12:Infinity":8,"b:13:2:13:Infinity:undefined:undefined:undefined:undefined":4,"s:13:2:13:Infinity":9,"s:13:23:13:Infinity":10,"b:14:2:14:Infinity:undefined:undefined:undefined:undefined":5,"s:14:2:14:Infinity":11,"s:14:26:14:Infinity":12,"s:16:19:16:Infinity":13,"s:17:2:20:Infinity":14,"b:18:11:18:25:18:25:18:27":6,"b:19:16:19:36:19:36:19:Infinity":7,"f:23:22:23:Infinity":1,"s:26:17:26:Infinity":15,"b:27:2:27:Infinity:undefined:undefined:undefined:undefined":8,"s:27:2:27:Infinity":16,"s:27:27:27:Infinity":17,"b:28:2:28:Infinity:undefined:undefined:undefined:undefined":9,"s:28:2:28:Infinity":18,"s:28:23:28:Infinity":19,"b:29:2:29:Infinity:undefined:undefined:undefined:undefined":10,"s:29:2:29:Infinity":20,"s:29:26:29:Infinity":21,"b:30:2:30:Infinity:undefined:undefined:undefined:undefined":11,"s:30:2:30:Infinity":22,"s:30:25:30:Infinity":23,"b:31:2:31:Infinity:undefined:undefined:undefined:undefined":12,"s:31:2:31:Infinity":24,"s:31:23:31:Infinity":25,"b:32:2:32:Infinity:undefined:undefined:undefined:undefined":13,"s:32:2:32:Infinity":26,"s:32:26:32:Infinity":27,"s:34:19:36:Infinity":28,"s:37:2:37:Infinity":29,"f:40:22:40:Infinity":2,"s:41:19:41:Infinity":30,"s:43:2:43:Infinity":31,"b:43:31:43:39:43:39:43:55":14,"b:43:39:43:53:43:53:43:55":15},"fnNames":{}}}
,"F:\\Coding\\React\\Sistem-Hunian-V2\\src\\features\\audit\\hooks\\useAudit.ts": {"path":"F:\\Coding\\React\\Sistem-Hunian-V2\\src\\features\\audit\\hooks\\useAudit.ts","statementMap":{"0":{"start":{"line":8,"column":25},"end":{"line":8,"column":null}},"1":{"start":{"line":11,"column":2},"end":{"line":14,"column":null}},"2":{"start":{"line":13,"column":13},"end":{"line":13,"column":null}},"3":{"start":{"line":18,"column":2},"end":{"line":21,"column":null}}},"fnMap":{"0":{"name":"useAuditRoomStatus","decl":{"start":{"line":10,"column":16},"end":{"line":10,"column":35}},"loc":{"start":{"line":10,"column":56},"end":{"line":15,"column":null}},"line":10},"1":{"name":"(anonymous_1)","decl":{"start":{"line":13,"column":13},"end":{"line":13,"column":19}},"loc":{"start":{"line":13,"column":13},"end":{"line":13,"column":null}},"line":13},"2":{"name":"useAuditUsersList","decl":{"start":{"line":17,"column":16},"end":{"line":17,"column":null}},"loc":{"start":{"line":17,"column":16},"end":{"line":22,"column":null}},"line":17}},"branchMap":{},"s":{"0":1,"1":12,"2":6,"3":4},"f":{"0":12,"1":6,"2":4},"b":{},"meta":{"lastBranch":0,"lastFunction":3,"lastStatement":4,"seen":{"s:8:25:8:Infinity":0,"f:10:16:10:35":0,"s:11:2:14:Infinity":1,"f:13:13:13:19":1,"s:13:13:13:Infinity":2,"f:17:16:17:Infinity":2,"s:18:2:21:Infinity":3},"fnNames":{}}}
,"F:\\Coding\\React\\Sistem-Hunian-V2\\src\\features\\auth\\api\\authApi.ts": {"path":"F:\\Coding\\React\\Sistem-Hunian-V2\\src\\features\\auth\\api\\authApi.ts","statementMap":{"0":{"start":{"line":4,"column":23},"end":{"line":41,"column":null}},"1":{"start":{"line":6,"column":21},"end":{"line":6,"column":null}},"2":{"start":{"line":7,"column":4},"end":{"line":7,"column":null}},"3":{"start":{"line":14,"column":21},"end":{"line":16,"column":null}},"4":{"start":{"line":18,"column":4},"end":{"line":18,"column":null}},"5":{"start":{"line":29,"column":4},"end":{"line":29,"column":null}},"6":{"start":{"line":36,"column":4},"end":{"line":39,"column":null}}},"fnMap":{"0":{"name":"getMe","decl":{"start":{"line":5,"column":8},"end":{"line":5,"column":null}},"loc":{"start":{"line":5,"column":8},"end":{"line":8,"column":null}},"line":5},"1":{"name":"login","decl":{"start":{"line":10,"column":8},"end":{"line":10,"column":null}},"loc":{"start":{"line":12,"column":20},"end":{"line":19,"column":null}},"line":12},"2":{"name":"updateMe","decl":{"start":{"line":21,"column":8},"end":{"line":21,"column":null}},"loc":{"start":{"line":27,"column":6},"end":{"line":30,"column":null}},"line":27},"3":{"name":"changePassword","decl":{"start":{"line":32,"column":8},"end":{"line":32,"column":null}},"loc":{"start":{"line":34,"column":24},"end":{"line":40,"column":null}},"line":34}},"branchMap":{},"s":{"0":1,"1":2,"2":1,"3":3,"4":1,"5":3,"6":2},"f":{"0":2,"1":3,"2":3,"3":2},"b":{},"meta":{"lastBranch":0,"lastFunction":4,"lastStatement":7,"seen":{"s:4:23:41:Infinity":0,"f:5:8:5:Infinity":0,"s:6:21:6:Infinity":1,"s:7:4:7:Infinity":2,"f:10:8:10:Infinity":1,"s:14:21:16:Infinity":3,"s:18:4:18:Infinity":4,"f:21:8:21:Infinity":2,"s:29:4:29:Infinity":5,"f:32:8:32:Infinity":3,"s:36:4:39:Infinity":6},"fnNames":{}}}
,"F:\\Coding\\React\\Sistem-Hunian-V2\\src\\features\\auth\\components\\AuthForm.tsx": {"path":"F:\\Coding\\React\\Sistem-Hunian-V2\\src\\features\\auth\\components\\AuthForm.tsx","statementMap":{"0":{"start":{"line":29,"column":20},"end":{"line":32,"column":null}},"1":{"start":{"line":38,"column":2},"end":{"line":45,"column":null}},"2":{"start":{"line":52,"column":19},"end":{"line":68,"column":null}},"3":{"start":{"line":70,"column":2},"end":{"line":97,"column":30}},"4":{"start":{"line":96,"column":25},"end":{"line":97,"column":30}},"5":{"start":{"line":119,"column":39},"end":{"line":119,"column":null}},"6":{"start":{"line":120,"column":33},"end":{"line":120,"column":null}},"7":{"start":{"line":121,"column":35},"end":{"line":122,"column":null}},"8":{"start":{"line":122,"column":10},"end":{"line":122,"column":null}},"9":{"start":{"line":124,"column":43},"end":{"line":124,"column":null}},"10":{"start":{"line":125,"column":39},"end":{"line":125,"column":null}},"11":{"start":{"line":126,"column":47},"end":{"line":126,"column":null}},"12":{"start":{"line":127,"column":49},"end":{"line":127,"column":null}},"13":{"start":{"line":128,"column":35},"end":{"line":128,"column":null}},"14":{"start":{"line":130,"column":17},"end":{"line":130,"column":null}},"15":{"start":{"line":131,"column":18},"end":{"line":131,"column":null}},"16":{"start":{"line":132,"column":8},"end":{"line":132,"column":null}},"17":{"start":{"line":136,"column":4},"end":{"line":137,"column":null}},"18":{"start":{"line":139,"column":8},"end":{"line":145,"column":null}},"19":{"start":{"line":147,"column":2},"end":{"line":160,"column":null}},"20":{"start":{"line":148,"column":4},"end":{"line":148,"column":null}},"21":{"start":{"line":148,"column":23},"end":{"line":148,"column":null}},"22":{"start":{"line":149,"column":21},"end":{"line":158,"column":null}},"23":{"start":{"line":150,"column":24},"end":{"line":150,"column":null}},"24":{"start":{"line":151,"column":6},"end":{"line":157,"column":null}},"25":{"start":{"line":152,"column":8},"end":{"line":152,"column":null}},"26":{"start":{"line":153,"column":8},"end":{"line":153,"column":null}},"27":{"start":{"line":154,"column":8},"end":{"line":154,"column":null}},"28":{"start":{"line":156,"column":8},"end":{"line":156,"column":null}},"29":{"start":{"line":159,"column":4},"end":{"line":159,"column":null}},"30":{"start":{"line":159,"column":17},"end":{"line":159,"column":null}},"31":{"start":{"line":162,"column":24},"end":{"line":165,"column":null}},"32":{"start":{"line":163,"column":4},"end":{"line":163,"column":null}},"33":{"start":{"line":164,"column":4},"end":{"line":164,"column":null}},"34":{"start":{"line":164,"column":21},"end":{"line":164,"column":47}},"35":{"start":{"line":167,"column":22},"end":{"line":198,"column":null}},"36":{"start":{"line":168,"column":4},"end":{"line":168,"column":null}},"37":{"start":{"line":168,"column":51},"end":{"line":168,"column":null}},"38":{"start":{"line":169,"column":4},"end":{"line":169,"column":null}},"39":{"start":{"line":170,"column":22},"end":{"line":170,"column":null}},"40":{"start":{"line":171,"column":4},"end":{"line":171,"column":null}},"41":{"start":{"line":173,"column":4},"end":{"line":186,"column":null}},"42":{"start":{"line":174,"column":26},"end":{"line":174,"column":null}},"43":{"start":{"line":175,"column":6},"end":{"line":175,"column":null}},"44":{"start":{"line":176,"column":6},"end":{"line":180,"column":null}},"45":{"start":{"line":177,"column":28},"end":{"line":177,"column":null}},"46":{"start":{"line":178,"column":8},"end":{"line":178,"column":null}},"47":{"start":{"line":179,"column":8},"end":{"line":179,"column":null}},"48":{"start":{"line":181,"column":12},"end":{"line":181,"column":null}},"49":{"start":{"line":182,"column":6},"end":{"line":182,"column":null}},"50":{"start":{"line":183,"column":6},"end":{"line":183,"column":null}},"51":{"start":{"line":184,"column":6},"end":{"line":184,"column":null}},"52":{"start":{"line":185,"column":6},"end":{"line":185,"column":null}},"53":{"start":{"line":188,"column":4},"end":{"line":188,"column":null}},"54":{"start":{"line":189,"column":4},"end":{"line":189,"column":null}},"55":{"start":{"line":190,"column":4},"end":{"line":190,"column":null}},"56":{"start":{"line":191,"column":4},"end":{"line":195,"column":null}},"57":{"start":{"line":192,"column":6},"end":{"line":192,"column":null}},"58":{"start":{"line":194,"column":6},"end":{"line":194,"column":null}},"59":{"start":{"line":196,"column":4},"end":{"line":196,"column":null}},"60":{"start":{"line":197,"column":4},"end":{"line":197,"column":null}},"61":{"start":{"line":200,"column":19},"end":{"line":200,"column":null}},"62":{"start":{"line":202,"column":2},"end":{"line":433,"column":null}},"63":{"start":{"line":371,"column":37},"end":{"line":371,"column":null}},"64":{"start":{"line":403,"column":44},"end":{"line":403,"column":null}}},"fnMap":{"0":{"name":"FloatingOrbs","decl":{"start":{"line":37,"column":9},"end":{"line":37,"column":null}},"loc":{"start":{"line":37,"column":9},"end":{"line":48,"column":null}},"line":37},"1":{"name":"BrandPanel","decl":{"start":{"line":51,"column":9},"end":{"line":51,"column":null}},"loc":{"start":{"line":51,"column":9},"end":{"line":111,"column":null}},"line":51},"2":{"name":"(anonymous_2)","decl":{"start":{"line":96,"column":24},"end":{"line":96,"column":25}},"loc":{"start":{"line":96,"column":25},"end":{"line":97,"column":30}},"line":96},"3":{"name":"AuthForm","decl":{"start":{"line":118,"column":16},"end":{"line":118,"column":null}},"loc":{"start":{"line":118,"column":16},"end":{"line":443,"column":null}},"line":118},"4":{"name":"(anonymous_4)","decl":{"start":{"line":122,"column":4},"end":{"line":122,"column":10}},"loc":{"start":{"line":122,"column":10},"end":{"line":122,"column":null}},"line":122},"5":{"name":"(anonymous_5)","decl":{"start":{"line":147,"column":12},"end":{"line":147,"column":null}},"loc":{"start":{"line":147,"column":12},"end":{"line":160,"column":5}},"line":147},"6":{"name":"(anonymous_6)","decl":{"start":{"line":149,"column":33},"end":{"line":149,"column":null}},"loc":{"start":{"line":149,"column":33},"end":{"line":158,"column":7}},"line":149},"7":{"name":"(anonymous_7)","decl":{"start":{"line":159,"column":11},"end":{"line":159,"column":17}},"loc":{"start":{"line":159,"column":17},"end":{"line":159,"column":null}},"line":159},"8":{"name":"(anonymous_8)","decl":{"start":{"line":162,"column":24},"end":{"line":162,"column":25}},"loc":{"start":{"line":162,"column":25},"end":{"line":165,"column":null}},"line":162},"9":{"name":"(anonymous_9)","decl":{"start":{"line":164,"column":15},"end":{"line":164,"column":21}},"loc":{"start":{"line":164,"column":21},"end":{"line":164,"column":47}},"line":164},"10":{"name":"(anonymous_10)","decl":{"start":{"line":167,"column":22},"end":{"line":167,"column":29}},"loc":{"start":{"line":167,"column":29},"end":{"line":198,"column":null}},"line":167},"11":{"name":"(anonymous_11)","decl":{"start":{"line":371,"column":31},"end":{"line":371,"column":37}},"loc":{"start":{"line":371,"column":37},"end":{"line":371,"column":null}},"line":371},"12":{"name":"(anonymous_12)","decl":{"start":{"line":403,"column":37},"end":{"line":403,"column":38}},"loc":{"start":{"line":403,"column":44},"end":{"line":403,"column":null}},"line":403}},"branchMap":{"0":{"loc":{"start":{"line":136,"column":4},"end":{"line":137,"column":null}},"type":"binary-expr","locations":[{"start":{"line":136,"column":4},"end":{"line":136,"column":null}},{"start":{"line":137,"column":4},"end":{"line":137,"column":null}}],"line":136},"1":{"loc":{"start":{"line":142,"column":13},"end":{"line":142,"column":null}},"type":"binary-expr","locations":[{"start":{"line":142,"column":13},"end":{"line":142,"column":58}},{"start":{"line":142,"column":58},"end":{"line":142,"column":null}}],"line":142},"2":{"loc":{"start":{"line":148,"column":4},"end":{"line":148,"column":null}},"type":"if","locations":[{"start":{"line":148,"column":4},"end":{"line":148,"column":null}},{"start":{},"end":{}}],"line":148},"3":{"loc":{"start":{"line":151,"column":6},"end":{"line":157,"column":null}},"type":"if","locations":[{"start":{"line":151,"column":6},"end":{"line":157,"column":null}},{"start":{"line":155,"column":13},"end":{"line":157,"column":null}}],"line":151},"4":{"loc":{"start":{"line":168,"column":4},"end":{"line":168,"column":null}},"type":"if","locations":[{"start":{"line":168,"column":4},"end":{"line":168,"column":null}},{"start":{},"end":{}}],"line":168},"5":{"loc":{"start":{"line":168,"column":8},"end":{"line":168,"column":51}},"type":"binary-expr","locations":[{"start":{"line":168,"column":8},"end":{"line":168,"column":24}},{"start":{"line":168,"column":24},"end":{"line":168,"column":51}}],"line":168},"6":{"loc":{"start":{"line":173,"column":4},"end":{"line":186,"column":null}},"type":"if","locations":[{"start":{"line":173,"column":4},"end":{"line":186,"column":null}},{"start":{},"end":{}}],"line":173},"7":{"loc":{"start":{"line":176,"column":6},"end":{"line":180,"column":null}},"type":"if","locations":[{"start":{"line":176,"column":6},"end":{"line":180,"column":null}},{"start":{},"end":{}}],"line":176},"8":{"loc":{"start":{"line":191,"column":4},"end":{"line":195,"column":null}},"type":"if","locations":[{"start":{"line":191,"column":4},"end":{"line":195,"column":null}},{"start":{"line":193,"column":11},"end":{"line":195,"column":null}}],"line":191},"9":{"loc":{"start":{"line":200,"column":19},"end":{"line":200,"column":null}},"type":"binary-expr","locations":[{"start":{"line":200,"column":19},"end":{"line":200,"column":37}},{"start":{"line":200,"column":37},"end":{"line":200,"column":null}}],"line":200},"10":{"loc":{"start":{"line":278,"column":15},"end":{"line":284,"column":null}},"type":"binary-expr","locations":[{"start":{"line":278,"column":15},"end":{"line":278,"column":null}},{"start":{"line":278,"column":15},"end":{"line":284,"column":null}}],"line":278},"11":{"loc":{"start":{"line":292,"column":15},"end":{"line":303,"column":null}},"type":"binary-expr","locations":[{"start":{"line":292,"column":15},"end":{"line":292,"column":null}},{"start":{"line":292,"column":15},"end":{"line":303,"column":null}}],"line":292},"12":{"loc":{"start":{"line":328,"column":32},"end":{"line":328,"column":null}},"type":"binary-expr","locations":[{"start":{"line":328,"column":32},"end":{"line":328,"column":45}},{"start":{"line":328,"column":45},"end":{"line":328,"column":null}}],"line":328},"13":{"loc":{"start":{"line":331,"column":24},"end":{"line":331,"column":null}},"type":"cond-expr","locations":[{"start":{"line":331,"column":54},"end":{"line":331,"column":70}},{"start":{"line":331,"column":70},"end":{"line":331,"column":null}}],"line":331},"14":{"loc":{"start":{"line":337,"column":19},"end":{"line":343,"column":null}},"type":"binary-expr","locations":[{"start":{"line":337,"column":19},"end":{"line":337,"column":46}},{"start":{"line":337,"column":46},"end":{"line":343,"column":null}}],"line":337},"15":{"loc":{"start":{"line":355,"column":28},"end":{"line":355,"column":null}},"type":"cond-expr","locations":[{"start":{"line":355,"column":43},"end":{"line":355,"column":52}},{"start":{"line":355,"column":52},"end":{"line":355,"column":null}}],"line":355},"16":{"loc":{"start":{"line":359,"column":32},"end":{"line":359,"column":null}},"type":"binary-expr","locations":[{"start":{"line":359,"column":32},"end":{"line":359,"column":45}},{"start":{"line":359,"column":45},"end":{"line":359,"column":null}}],"line":359},"17":{"loc":{"start":{"line":362,"column":24},"end":{"line":364,"column":null}},"type":"cond-expr","locations":[{"start":{"line":363,"column":28},"end":{"line":363,"column":null}},{"start":{"line":364,"column":28},"end":{"line":364,"column":null}}],"line":362},"18":{"loc":{"start":{"line":374,"column":24},"end":{"line":376,"column":null}},"type":"cond-expr","locations":[{"start":{"line":375,"column":28},"end":{"line":375,"column":null}},{"start":{"line":376,"column":28},"end":{"line":376,"column":null}}],"line":374},"19":{"loc":{"start":{"line":380,"column":23},"end":{"line":383,"column":null}},"type":"cond-expr","locations":[{"start":{"line":380,"column":23},"end":{"line":383,"column":25}},{"start":{"line":383,"column":24},"end":{"line":383,"column":null}}],"line":380},"20":{"loc":{"start":{"line":387,"column":19},"end":{"line":393,"column":null}},"type":"binary-expr","locations":[{"start":{"line":387,"column":19},"end":{"line":387,"column":49}},{"start":{"line":387,"column":49},"end":{"line":393,"column":null}}],"line":387},"21":{"loc":{"start":{"line":418,"column":28},"end":{"line":418,"column":null}},"type":"binary-expr","locations":[{"start":{"line":418,"column":28},"end":{"line":418,"column":41}},{"start":{"line":418,"column":41},"end":{"line":418,"column":null}}],"line":418},"22":{"loc":{"start":{"line":420,"column":19},"end":{"line":426,"column":null}},"type":"cond-expr","locations":[{"start":{"line":420,"column":19},"end":{"line":426,"column":null}},{"start":{"line":426,"column":20},"end":{"line":426,"column":null}}],"line":420}},"s":{"0":1,"1":52,"2":26,"3":26,"4":78,"5":26,"6":26,"7":26,"8":9,"9":26,"10":26,"11":26,"12":26,"13":26,"14":26,"15":26,"16":26,"17":26,"18":26,"19":26,"20":9,"21":9,"22":0,"23":0,"24":0,"25":0,"26":0,"27":0,"28":0,"29":0,"30":0,"31":26,"32":1,"33":1,"34":0,"35":26,"36":2,"37":0,"38":2,"39":2,"40":2,"41":2,"42":1,"43":1,"44":1,"45":0,"46":0,"47":0,"48":1,"49":1,"50":1,"51":1,"52":1,"53":1,"54":1,"55":1,"56":1,"57":0,"58":1,"59":1,"60":1,"61":26,"62":26,"63":0,"64":0},"f":{"0":52,"1":26,"2":78,"3":26,"4":9,"5":9,"6":0,"7":0,"8":1,"9":0,"10":2,"11":0,"12":0},"b":{"0":[26,26],"1":[26,26],"2":[9,0],"3":[0,0],"4":[0,2],"5":[2,0],"6":[1,1],"7":[0,1],"8":[0,1],"9":[26,0],"10":[26,0],"11":[26,0],"12":[26,24],"13":[2,24],"14":[26,2],"15":[0,26],"16":[26,24],"17":[2,24],"18":[0,26],"19":[0,26],"20":[26,2],"21":[26,24],"22":[2,24]},"meta":{"lastBranch":23,"lastFunction":13,"lastStatement":65,"seen":{"s:29:20:32:Infinity":0,"f:37:9:37:Infinity":0,"s:38:2:45:Infinity":1,"f:51:9:51:Infinity":1,"s:52:19:68:Infinity":2,"s:70:2:97:30":3,"f:96:24:96:25":2,"s:96:25:97:30":4,"f:118:16:118:Infinity":3,"s:119:39:119:Infinity":5,"s:120:33:120:Infinity":6,"s:121:35:122:Infinity":7,"f:122:4:122:10":4,"s:122:10:122:Infinity":8,"s:124:43:124:Infinity":9,"s:125:39:125:Infinity":10,"s:126:47:126:Infinity":11,"s:127:49:127:Infinity":12,"s:128:35:128:Infinity":13,"s:130:17:130:Infinity":14,"s:131:18:131:Infinity":15,"s:132:8:132:Infinity":16,"s:136:4:137:Infinity":17,"b:136:4:136:Infinity:137:4:137:Infinity":0,"s:139:8:145:Infinity":18,"b:142:13:142:58:142:58:142:Infinity":1,"s:147:2:160:Infinity":19,"f:147:12:147:Infinity":5,"b:148:4:148:Infinity:undefined:undefined:undefined:undefined":2,"s:148:4:148:Infinity":20,"s:148:23:148:Infinity":21,"s:149:21:158:Infinity":22,"f:149:33:149:Infinity":6,"s:150:24:150:Infinity":23,"b:151:6:157:Infinity:155:13:157:Infinity":3,"s:151:6:157:Infinity":24,"s:152:8:152:Infinity":25,"s:153:8:153:Infinity":26,"s:154:8:154:Infinity":27,"s:156:8:156:Infinity":28,"s:159:4:159:Infinity":29,"f:159:11:159:17":7,"s:159:17:159:Infinity":30,"s:162:24:165:Infinity":31,"f:162:24:162:25":8,"s:163:4:163:Infinity":32,"s:164:4:164:Infinity":33,"f:164:15:164:21":9,"s:164:21:164:47":34,"s:167:22:198:Infinity":35,"f:167:22:167:29":10,"b:168:4:168:Infinity:undefined:undefined:undefined:undefined":4,"s:168:4:168:Infinity":36,"b:168:8:168:24:168:24:168:51":5,"s:168:51:168:Infinity":37,"s:169:4:169:Infinity":38,"s:170:22:170:Infinity":39,"s:171:4:171:Infinity":40,"b:173:4:186:Infinity:undefined:undefined:undefined:undefined":6,"s:173:4:186:Infinity":41,"s:174:26:174:Infinity":42,"s:175:6:175:Infinity":43,"b:176:6:180:Infinity:undefined:undefined:undefined:undefined":7,"s:176:6:180:Infinity":44,"s:177:28:177:Infinity":45,"s:178:8:178:Infinity":46,"s:179:8:179:Infinity":47,"s:181:12:181:Infinity":48,"s:182:6:182:Infinity":49,"s:183:6:183:Infinity":50,"s:184:6:184:Infinity":51,"s:185:6:185:Infinity":52,"s:188:4:188:Infinity":53,"s:189:4:189:Infinity":54,"s:190:4:190:Infinity":55,"b:191:4:195:Infinity:193:11:195:Infinity":8,"s:191:4:195:Infinity":56,"s:192:6:192:Infinity":57,"s:194:6:194:Infinity":58,"s:196:4:196:Infinity":59,"s:197:4:197:Infinity":60,"s:200:19:200:Infinity":61,"b:200:19:200:37:200:37:200:Infinity":9,"s:202:2:433:Infinity":62,"b:278:15:278:Infinity:278:15:284:Infinity":10,"b:292:15:292:Infinity:292:15:303:Infinity":11,"b:328:32:328:45:328:45:328:Infinity":12,"b:331:54:331:70:331:70:331:Infinity":13,"b:337:19:337:46:337:46:343:Infinity":14,"b:355:43:355:52:355:52:355:Infinity":15,"b:359:32:359:45:359:45:359:Infinity":16,"b:363:28:363:Infinity:364:28:364:Infinity":17,"f:371:31:371:37":11,"s:371:37:371:Infinity":63,"b:375:28:375:Infinity:376:28:376:Infinity":18,"b:380:23:383:25:383:24:383:Infinity":19,"b:387:19:387:49:387:49:393:Infinity":20,"f:403:37:403:38":12,"s:403:44:403:Infinity":64,"b:418:28:418:41:418:41:418:Infinity":21,"b:420:19:426:Infinity:426:20:426:Infinity":22},"fnNames":{}}}
,"F:\\Coding\\React\\Sistem-Hunian-V2\\src\\features\\auth\\components\\ProtectedRoute.tsx": {"path":"F:\\Coding\\React\\Sistem-Hunian-V2\\src\\features\\auth\\components\\ProtectedRoute.tsx","statementMap":{"0":{"start":{"line":8,"column":18},"end":{"line":8,"column":null}},"1":{"start":{"line":16,"column":39},"end":{"line":19,"column":null}},"2":{"start":{"line":20,"column":2},"end":{"line":20,"column":null}},"3":{"start":{"line":24,"column":39},"end":{"line":27,"column":null}},"4":{"start":{"line":28,"column":2},"end":{"line":28,"column":null}},"5":{"start":{"line":35,"column":40},"end":{"line":35,"column":null}},"6":{"start":{"line":36,"column":8},"end":{"line":36,"column":null}},"7":{"start":{"line":37,"column":8},"end":{"line":37,"column":null}},"8":{"start":{"line":42,"column":4},"end":{"line":43,"column":null}},"9":{"start":{"line":44,"column":2},"end":{"line":46,"column":null}},"10":{"start":{"line":45,"column":4},"end":{"line":45,"column":null}},"11":{"start":{"line":50,"column":2},"end":{"line":59,"column":null}},"12":{"start":{"line":51,"column":28},"end":{"line":51,"column":null}},"13":{"start":{"line":52,"column":4},"end":{"line":56,"column":null}},"14":{"start":{"line":62,"column":2},"end":{"line":64,"column":null}},"15":{"start":{"line":63,"column":4},"end":{"line":63,"column":null}},"16":{"start":{"line":66,"column":2},"end":{"line":79,"column":null}},"17":{"start":{"line":67,"column":4},"end":{"line":78,"column":null}},"18":{"start":{"line":68,"column":6},"end":{"line":76,"column":null}},"19":{"start":{"line":69,"column":8},"end":{"line":69,"column":null}},"20":{"start":{"line":70,"column":24},"end":{"line":72,"column":null}},"21":{"start":{"line":71,"column":22},"end":{"line":71,"column":null}},"22":{"start":{"line":73,"column":8},"end":{"line":75,"column":null}},"23":{"start":{"line":77,"column":6},"end":{"line":77,"column":null}},"24":{"start":{"line":81,"column":2},"end":{"line":81,"column":null}},"25":{"start":{"line":82,"column":2},"end":{"line":82,"column":null}}},"fnMap":{"0":{"name":"getHomePath","decl":{"start":{"line":15,"column":9},"end":{"line":15,"column":21}},"loc":{"start":{"line":15,"column":34},"end":{"line":21,"column":null}},"line":15},"1":{"name":"getRoleDisplayName","decl":{"start":{"line":23,"column":9},"end":{"line":23,"column":28}},"loc":{"start":{"line":23,"column":41},"end":{"line":29,"column":null}},"line":23},"2":{"name":"ProtectedRoute","decl":{"start":{"line":31,"column":16},"end":{"line":31,"column":31}},"loc":{"start":{"line":34,"column":22},"end":{"line":83,"column":null}},"line":34},"3":{"name":"(anonymous_3)","decl":{"start":{"line":71,"column":15},"end":{"line":71,"column":16}},"loc":{"start":{"line":71,"column":22},"end":{"line":71,"column":null}},"line":71}},"branchMap":{"0":{"loc":{"start":{"line":20,"column":9},"end":{"line":20,"column":null}},"type":"binary-expr","locations":[{"start":{"line":20,"column":9},"end":{"line":20,"column":18}},{"start":{"line":20,"column":22},"end":{"line":20,"column":null}}],"line":20},"1":{"loc":{"start":{"line":28,"column":9},"end":{"line":28,"column":null}},"type":"binary-expr","locations":[{"start":{"line":28,"column":9},"end":{"line":28,"column":18}},{"start":{"line":28,"column":22},"end":{"line":28,"column":null}}],"line":28},"2":{"loc":{"start":{"line":42,"column":4},"end":{"line":43,"column":null}},"type":"binary-expr","locations":[{"start":{"line":42,"column":4},"end":{"line":42,"column":null}},{"start":{"line":43,"column":4},"end":{"line":43,"column":null}}],"line":42},"3":{"loc":{"start":{"line":43,"column":7},"end":{"line":43,"column":74}},"type":"binary-expr","locations":[{"start":{"line":43,"column":7},"end":{"line":43,"column":42}},{"start":{"line":43,"column":42},"end":{"line":43,"column":74}}],"line":43},"4":{"loc":{"start":{"line":44,"column":2},"end":{"line":46,"column":null}},"type":"if","locations":[{"start":{"line":44,"column":2},"end":{"line":46,"column":null}},{"start":{},"end":{}}],"line":44},"5":{"loc":{"start":{"line":44,"column":6},"end":{"line":44,"column":40}},"type":"binary-expr","locations":[{"start":{"line":44,"column":6},"end":{"line":44,"column":20}},{"start":{"line":44,"column":20},"end":{"line":44,"column":32}},{"start":{"line":44,"column":32},"end":{"line":44,"column":40}}],"line":44},"6":{"loc":{"start":{"line":50,"column":2},"end":{"line":59,"column":null}},"type":"if","locations":[{"start":{"line":50,"column":2},"end":{"line":59,"column":null}},{"start":{},"end":{}}],"line":50},"7":{"loc":{"start":{"line":62,"column":2},"end":{"line":64,"column":null}},"type":"if","locations":[{"start":{"line":62,"column":2},"end":{"line":64,"column":null}},{"start":{},"end":{}}],"line":62},"8":{"loc":{"start":{"line":66,"column":2},"end":{"line":79,"column":null}},"type":"if","locations":[{"start":{"line":66,"column":2},"end":{"line":79,"column":null}},{"start":{},"end":{}}],"line":66},"9":{"loc":{"start":{"line":66,"column":6},"end":{"line":66,"column":47}},"type":"binary-expr","locations":[{"start":{"line":66,"column":6},"end":{"line":66,"column":22}},{"start":{"line":66,"column":22},"end":{"line":66,"column":47}}],"line":66},"10":{"loc":{"start":{"line":67,"column":4},"end":{"line":78,"column":null}},"type":"if","locations":[{"start":{"line":67,"column":4},"end":{"line":78,"column":null}},{"start":{},"end":{}}],"line":67},"11":{"loc":{"start":{"line":68,"column":6},"end":{"line":76,"column":null}},"type":"if","locations":[{"start":{"line":68,"column":6},"end":{"line":76,"column":null}},{"start":{},"end":{}}],"line":68}},"s":{"0":1,"1":0,"2":0,"3":1,"4":1,"5":6,"6":6,"7":6,"8":6,"9":6,"10":1,"11":5,"12":2,"13":2,"14":3,"15":0,"16":3,"17":2,"18":1,"19":1,"20":1,"21":1,"22":1,"23":1,"24":2,"25":2},"f":{"0":0,"1":1,"2":6,"3":1},"b":{"0":[0,0],"1":[1,0],"2":[6,6],"3":[6,6],"4":[1,5],"5":[6,5,0],"6":[2,3],"7":[0,3],"8":[2,1],"9":[3,2],"10":[1,1],"11":[1,0]},"meta":{"lastBranch":12,"lastFunction":4,"lastStatement":26,"seen":{"s:8:18:8:Infinity":0,"f:15:9:15:21":0,"s:16:39:19:Infinity":1,"s:20:2:20:Infinity":2,"b:20:9:20:18:20:22:20:Infinity":0,"f:23:9:23:28":1,"s:24:39:27:Infinity":3,"s:28:2:28:Infinity":4,"b:28:9:28:18:28:22:28:Infinity":1,"f:31:16:31:31":2,"s:35:40:35:Infinity":5,"s:36:8:36:Infinity":6,"s:37:8:37:Infinity":7,"s:42:4:43:Infinity":8,"b:42:4:42:Infinity:43:4:43:Infinity":2,"b:43:7:43:42:43:42:43:74":3,"b:44:2:46:Infinity:undefined:undefined:undefined:undefined":4,"s:44:2:46:Infinity":9,"b:44:6:44:20:44:20:44:32:44:32:44:40":5,"s:45:4:45:Infinity":10,"b:50:2:59:Infinity:undefined:undefined:undefined:undefined":6,"s:50:2:59:Infinity":11,"s:51:28:51:Infinity":12,"s:52:4:56:Infinity":13,"b:62:2:64:Infinity:undefined:undefined:undefined:undefined":7,"s:62:2:64:Infinity":14,"s:63:4:63:Infinity":15,"b:66:2:79:Infinity:undefined:undefined:undefined:undefined":8,"s:66:2:79:Infinity":16,"b:66:6:66:22:66:22:66:47":9,"b:67:4:78:Infinity:undefined:undefined:undefined:undefined":10,"s:67:4:78:Infinity":17,"b:68:6:76:Infinity:undefined:undefined:undefined:undefined":11,"s:68:6:76:Infinity":18,"s:69:8:69:Infinity":19,"s:70:24:72:Infinity":20,"f:71:15:71:16":3,"s:71:22:71:Infinity":21,"s:73:8:75:Infinity":22,"s:77:6:77:Infinity":23,"s:81:2:81:Infinity":24,"s:82:2:82:Infinity":25},"fnNames":{}}}
,"F:\\Coding\\React\\Sistem-Hunian-V2\\src\\features\\confirmations\\api\\confirmationApi.ts": {"path":"F:\\Coding\\React\\Sistem-Hunian-V2\\src\\features\\confirmations\\api\\confirmationApi.ts","statementMap":{"0":{"start":{"line":4,"column":31},"end":{"line":30,"column":null}},"1":{"start":{"line":6,"column":40},"end":{"line":6,"column":null}},"2":{"start":{"line":7,"column":4},"end":{"line":7,"column":null}},"3":{"start":{"line":7,"column":16},"end":{"line":7,"column":null}},"4":{"start":{"line":8,"column":4},"end":{"line":8,"column":null}},"5":{"start":{"line":8,"column":17},"end":{"line":8,"column":null}},"6":{"start":{"line":9,"column":4},"end":{"line":9,"column":null}},"7":{"start":{"line":9,"column":21},"end":{"line":9,"column":null}},"8":{"start":{"line":10,"column":21},"end":{"line":10,"column":null}},"9":{"start":{"line":11,"column":4},"end":{"line":11,"column":null}},"10":{"start":{"line":15,"column":21},"end":{"line":15,"column":null}},"11":{"start":{"line":16,"column":4},"end":{"line":16,"column":null}},"12":{"start":{"line":20,"column":4},"end":{"line":20,"column":null}},"13":{"start":{"line":24,"column":4},"end":{"line":24,"column":null}},"14":{"start":{"line":28,"column":4},"end":{"line":28,"column":null}}},"fnMap":{"0":{"name":"list","decl":{"start":{"line":5,"column":8},"end":{"line":5,"column":13}},"loc":{"start":{"line":5,"column":90},"end":{"line":12,"column":null}},"line":5},"1":{"name":"create","decl":{"start":{"line":14,"column":8},"end":{"line":14,"column":15}},"loc":{"start":{"line":14,"column":49},"end":{"line":17,"column":null}},"line":14},"2":{"name":"confirmDP","decl":{"start":{"line":19,"column":8},"end":{"line":19,"column":18}},"loc":{"start":{"line":19,"column":55},"end":{"line":21,"column":null}},"line":19},"3":{"name":"expire","decl":{"start":{"line":23,"column":8},"end":{"line":23,"column":15}},"loc":{"start":{"line":23,"column":25},"end":{"line":25,"column":null}},"line":23},"4":{"name":"updateDeadline","decl":{"start":{"line":27,"column":8},"end":{"line":27,"column":23}},"loc":{"start":{"line":27,"column":64},"end":{"line":29,"column":null}},"line":27}},"branchMap":{"0":{"loc":{"start":{"line":5,"column":13},"end":{"line":5,"column":21}},"type":"default-arg","locations":[{"start":{"line":5,"column":20},"end":{"line":5,"column":21}}],"line":5},"1":{"loc":{"start":{"line":5,"column":23},"end":{"line":5,"column":33}},"type":"default-arg","locations":[{"start":{"line":5,"column":31},"end":{"line":5,"column":33}}],"line":5},"2":{"loc":{"start":{"line":7,"column":4},"end":{"line":7,"column":null}},"type":"if","locations":[{"start":{"line":7,"column":4},"end":{"line":7,"column":null}},{"start":{},"end":{}}],"line":7},"3":{"loc":{"start":{"line":8,"column":4},"end":{"line":8,"column":null}},"type":"if","locations":[{"start":{"line":8,"column":4},"end":{"line":8,"column":null}},{"start":{},"end":{}}],"line":8},"4":{"loc":{"start":{"line":9,"column":4},"end":{"line":9,"column":null}},"type":"if","locations":[{"start":{"line":9,"column":4},"end":{"line":9,"column":null}},{"start":{},"end":{}}],"line":9},"5":{"loc":{"start":{"line":11,"column":28},"end":{"line":11,"column":44}},"type":"binary-expr","locations":[{"start":{"line":11,"column":28},"end":{"line":11,"column":42}},{"start":{"line":11,"column":42},"end":{"line":11,"column":44}}],"line":11},"6":{"loc":{"start":{"line":11,"column":58},"end":{"line":11,"column":83}},"type":"binary-expr","locations":[{"start":{"line":11,"column":58},"end":{"line":11,"column":78}},{"start":{"line":11,"column":78},"end":{"line":11,"column":83}}],"line":11}},"s":{"0":2,"1":6,"2":6,"3":2,"4":6,"5":1,"6":6,"7":1,"8":6,"9":5,"10":4,"11":2,"12":5,"13":4,"14":3},"f":{"0":6,"1":4,"2":5,"3":4,"4":3},"b":{"0":[6],"1":[6],"2":[2,4],"3":[1,5],"4":[1,5],"5":[5,0],"6":[6,3]},"meta":{"lastBranch":7,"lastFunction":5,"lastStatement":15,"seen":{"s:4:31:30:Infinity":0,"f:5:8:5:13":0,"b:5:20:5:21":0,"b:5:31:5:33":1,"s:6:40:6:Infinity":1,"b:7:4:7:Infinity:undefined:undefined:undefined:undefined":2,"s:7:4:7:Infinity":2,"s:7:16:7:Infinity":3,"b:8:4:8:Infinity:undefined:undefined:undefined:undefined":3,"s:8:4:8:Infinity":4,"s:8:17:8:Infinity":5,"b:9:4:9:Infinity:undefined:undefined:undefined:undefined":4,"s:9:4:9:Infinity":6,"s:9:21:9:Infinity":7,"s:10:21:10:Infinity":8,"s:11:4:11:Infinity":9,"b:11:28:11:42:11:42:11:44":5,"b:11:58:11:78:11:78:11:83":6,"f:14:8:14:15":1,"s:15:21:15:Infinity":10,"s:16:4:16:Infinity":11,"f:19:8:19:18":2,"s:20:4:20:Infinity":12,"f:23:8:23:15":3,"s:24:4:24:Infinity":13,"f:27:8:27:23":4,"s:28:4:28:Infinity":14},"fnNames":{}}}
,"F:\\Coding\\React\\Sistem-Hunian-V2\\src\\features\\confirmations\\hooks\\useConfirmations.ts": {"path":"F:\\Coding\\React\\Sistem-Hunian-V2\\src\\features\\confirmations\\hooks\\useConfirmations.ts","statementMap":{"0":{"start":{"line":7,"column":33},"end":{"line":7,"column":null}},"1":{"start":{"line":16,"column":2},"end":{"line":24,"column":null}},"2":{"start":{"line":22,"column":6},"end":{"line":22,"column":null}},"3":{"start":{"line":28,"column":8},"end":{"line":28,"column":null}},"4":{"start":{"line":30,"column":2},"end":{"line":41,"column":null}},"5":{"start":{"line":32,"column":6},"end":{"line":32,"column":null}},"6":{"start":{"line":35,"column":6},"end":{"line":35,"column":null}},"7":{"start":{"line":37,"column":6},"end":{"line":37,"column":null}},"8":{"start":{"line":39,"column":6},"end":{"line":39,"column":null}},"9":{"start":{"line":45,"column":8},"end":{"line":45,"column":null}},"10":{"start":{"line":47,"column":2},"end":{"line":57,"column":null}},"11":{"start":{"line":48,"column":32},"end":{"line":48,"column":null}},"12":{"start":{"line":51,"column":6},"end":{"line":51,"column":null}},"13":{"start":{"line":53,"column":6},"end":{"line":53,"column":null}},"14":{"start":{"line":55,"column":6},"end":{"line":55,"column":null}},"15":{"start":{"line":61,"column":8},"end":{"line":61,"column":null}},"16":{"start":{"line":62,"column":2},"end":{"line":71,"column":null}},"17":{"start":{"line":64,"column":6},"end":{"line":64,"column":null}},"18":{"start":{"line":66,"column":6},"end":{"line":66,"column":null}},"19":{"start":{"line":67,"column":6},"end":{"line":67,"column":null}},"20":{"start":{"line":68,"column":6},"end":{"line":68,"column":null}},"21":{"start":{"line":69,"column":6},"end":{"line":69,"column":null}},"22":{"start":{"line":75,"column":8},"end":{"line":75,"column":null}},"23":{"start":{"line":76,"column":2},"end":{"line":87,"column":null}},"24":{"start":{"line":83,"column":10},"end":{"line":83,"column":null}},"25":{"start":{"line":85,"column":6},"end":{"line":85,"column":null}}},"fnMap":{"0":{"name":"useConfirmations","decl":{"start":{"line":9,"column":16},"end":{"line":9,"column":null}},"loc":{"start":{"line":14,"column":22},"end":{"line":25,"column":null}},"line":14},"1":{"name":"(anonymous_1)","decl":{"start":{"line":21,"column":13},"end":{"line":21,"column":null}},"loc":{"start":{"line":22,"column":6},"end":{"line":22,"column":null}},"line":22},"2":{"name":"useCreateConfirmation","decl":{"start":{"line":27,"column":16},"end":{"line":27,"column":null}},"loc":{"start":{"line":27,"column":16},"end":{"line":42,"column":null}},"line":27},"3":{"name":"(anonymous_3)","decl":{"start":{"line":31,"column":16},"end":{"line":31,"column":17}},"loc":{"start":{"line":32,"column":6},"end":{"line":32,"column":null}},"line":32},"4":{"name":"(anonymous_4)","decl":{"start":{"line":34,"column":15},"end":{"line":34,"column":null}},"loc":{"start":{"line":34,"column":15},"end":{"line":40,"column":null}},"line":34},"5":{"name":"useExpireConfirmation","decl":{"start":{"line":44,"column":16},"end":{"line":44,"column":null}},"loc":{"start":{"line":44,"column":16},"end":{"line":58,"column":null}},"line":44},"6":{"name":"(anonymous_6)","decl":{"start":{"line":48,"column":16},"end":{"line":48,"column":17}},"loc":{"start":{"line":48,"column":32},"end":{"line":48,"column":null}},"line":48},"7":{"name":"(anonymous_7)","decl":{"start":{"line":50,"column":15},"end":{"line":50,"column":null}},"loc":{"start":{"line":50,"column":15},"end":{"line":56,"column":null}},"line":50},"8":{"name":"useConfirmDP","decl":{"start":{"line":60,"column":16},"end":{"line":60,"column":null}},"loc":{"start":{"line":60,"column":16},"end":{"line":72,"column":null}},"line":60},"9":{"name":"(anonymous_9)","decl":{"start":{"line":63,"column":16},"end":{"line":63,"column":17}},"loc":{"start":{"line":64,"column":6},"end":{"line":64,"column":null}},"line":64},"10":{"name":"(anonymous_10)","decl":{"start":{"line":65,"column":15},"end":{"line":65,"column":null}},"loc":{"start":{"line":65,"column":15},"end":{"line":70,"column":null}},"line":65},"11":{"name":"useUpdateDeadline","decl":{"start":{"line":74,"column":16},"end":{"line":74,"column":null}},"loc":{"start":{"line":74,"column":16},"end":{"line":88,"column":null}},"line":74},"12":{"name":"(anonymous_12)","decl":{"start":{"line":77,"column":16},"end":{"line":77,"column":17}},"loc":{"start":{"line":83,"column":10},"end":{"line":83,"column":null}},"line":83},"13":{"name":"(anonymous_13)","decl":{"start":{"line":84,"column":15},"end":{"line":84,"column":null}},"loc":{"start":{"line":84,"column":15},"end":{"line":86,"column":null}},"line":84}},"branchMap":{"0":{"loc":{"start":{"line":10,"column":2},"end":{"line":10,"column":10}},"type":"default-arg","locations":[{"start":{"line":10,"column":9},"end":{"line":10,"column":10}}],"line":10},"1":{"loc":{"start":{"line":11,"column":2},"end":{"line":11,"column":12}},"type":"default-arg","locations":[{"start":{"line":11,"column":10},"end":{"line":11,"column":12}}],"line":11}},"s":{"0":1,"1":6,"2":3,"3":4,"4":4,"5":2,"6":1,"7":1,"8":1,"9":4,"10":4,"11":2,"12":1,"13":1,"14":1,"15":4,"16":4,"17":2,"18":1,"19":1,"20":1,"21":1,"22":2,"23":2,"24":1,"25":1},"f":{"0":6,"1":3,"2":4,"3":2,"4":1,"5":4,"6":2,"7":1,"8":4,"9":2,"10":1,"11":2,"12":1,"13":1},"b":{"0":[6],"1":[6]},"meta":{"lastBranch":2,"lastFunction":14,"lastStatement":26,"seen":{"s:7:33:7:Infinity":0,"f:9:16:9:Infinity":0,"b:10:9:10:10":0,"b:11:10:11:12":1,"s:16:2:24:Infinity":1,"f:21:13:21:Infinity":1,"s:22:6:22:Infinity":2,"f:27:16:27:Infinity":2,"s:28:8:28:Infinity":3,"s:30:2:41:Infinity":4,"f:31:16:31:17":3,"s:32:6:32:Infinity":5,"f:34:15:34:Infinity":4,"s:35:6:35:Infinity":6,"s:37:6:37:Infinity":7,"s:39:6:39:Infinity":8,"f:44:16:44:Infinity":5,"s:45:8:45:Infinity":9,"s:47:2:57:Infinity":10,"f:48:16:48:17":6,"s:48:32:48:Infinity":11,"f:50:15:50:Infinity":7,"s:51:6:51:Infinity":12,"s:53:6:53:Infinity":13,"s:55:6:55:Infinity":14,"f:60:16:60:Infinity":8,"s:61:8:61:Infinity":15,"s:62:2:71:Infinity":16,"f:63:16:63:17":9,"s:64:6:64:Infinity":17,"f:65:15:65:Infinity":10,"s:66:6:66:Infinity":18,"s:67:6:67:Infinity":19,"s:68:6:68:Infinity":20,"s:69:6:69:Infinity":21,"f:74:16:74:Infinity":11,"s:75:8:75:Infinity":22,"s:76:2:87:Infinity":23,"f:77:16:77:17":12,"s:83:10:83:Infinity":24,"f:84:15:84:Infinity":13,"s:85:6:85:Infinity":25},"fnNames":{}}}
,"F:\\Coding\\React\\Sistem-Hunian-V2\\src\\features\\dashboard\\api\\dashboardApi.ts": {"path":"F:\\Coding\\React\\Sistem-Hunian-V2\\src\\features\\dashboard\\api\\dashboardApi.ts","statementMap":{"0":{"start":{"line":8,"column":28},"end":{"line":43,"column":null}},"1":{"start":{"line":10,"column":21},"end":{"line":10,"column":null}},"2":{"start":{"line":12,"column":6},"end":{"line":12,"column":null}},"3":{"start":{"line":13,"column":4},"end":{"line":13,"column":null}},"4":{"start":{"line":17,"column":21},"end":{"line":17,"column":null}},"5":{"start":{"line":18,"column":19},"end":{"line":18,"column":null}},"6":{"start":{"line":19,"column":4},"end":{"line":19,"column":null}},"7":{"start":{"line":23,"column":21},"end":{"line":27,"column":null}},"8":{"start":{"line":29,"column":4},"end":{"line":29,"column":null}},"9":{"start":{"line":33,"column":4},"end":{"line":33,"column":null}},"10":{"start":{"line":37,"column":4},"end":{"line":37,"column":null}},"11":{"start":{"line":41,"column":4},"end":{"line":41,"column":null}}},"fnMap":{"0":{"name":"getSummary","decl":{"start":{"line":9,"column":8},"end":{"line":9,"column":null}},"loc":{"start":{"line":9,"column":8},"end":{"line":14,"column":null}},"line":9},"1":{"name":"getAlerts","decl":{"start":{"line":16,"column":8},"end":{"line":16,"column":null}},"loc":{"start":{"line":16,"column":8},"end":{"line":20,"column":null}},"line":16},"2":{"name":"getNotifications","decl":{"start":{"line":22,"column":8},"end":{"line":22,"column":25}},"loc":{"start":{"line":22,"column":41},"end":{"line":30,"column":null}},"line":22},"3":{"name":"markNotificationRead","decl":{"start":{"line":32,"column":8},"end":{"line":32,"column":29}},"loc":{"start":{"line":32,"column":39},"end":{"line":34,"column":null}},"line":32},"4":{"name":"markAllNotificationsRead","decl":{"start":{"line":36,"column":8},"end":{"line":36,"column":null}},"loc":{"start":{"line":36,"column":8},"end":{"line":38,"column":null}},"line":36},"5":{"name":"clearReadNotifications","decl":{"start":{"line":40,"column":8},"end":{"line":40,"column":null}},"loc":{"start":{"line":40,"column":8},"end":{"line":42,"column":null}},"line":40}},"branchMap":{"0":{"loc":{"start":{"line":12,"column":6},"end":{"line":12,"column":null}},"type":"cond-expr","locations":[{"start":{"line":12,"column":45},"end":{"line":12,"column":52}},{"start":{"line":12,"column":52},"end":{"line":12,"column":null}}],"line":12},"1":{"loc":{"start":{"line":13,"column":11},"end":{"line":13,"column":null}},"type":"binary-expr","locations":[{"start":{"line":13,"column":11},"end":{"line":13,"column":21}},{"start":{"line":13,"column":21},"end":{"line":13,"column":null}}],"line":13},"2":{"loc":{"start":{"line":18,"column":19},"end":{"line":18,"column":null}},"type":"cond-expr","locations":[{"start":{"line":18,"column":51},"end":{"line":18,"column":58}},{"start":{"line":18,"column":58},"end":{"line":18,"column":null}}],"line":18},"3":{"loc":{"start":{"line":19,"column":11},"end":{"line":19,"column":null}},"type":"binary-expr","locations":[{"start":{"line":19,"column":11},"end":{"line":19,"column":21}},{"start":{"line":19,"column":21},"end":{"line":19,"column":null}}],"line":19},"4":{"loc":{"start":{"line":26,"column":16},"end":{"line":26,"column":null}},"type":"cond-expr","locations":[{"start":{"line":26,"column":39},"end":{"line":26,"column":61}},{"start":{"line":26,"column":61},"end":{"line":26,"column":null}}],"line":26},"5":{"loc":{"start":{"line":29,"column":11},"end":{"line":29,"column":26}},"type":"binary-expr","locations":[{"start":{"line":29,"column":11},"end":{"line":29,"column":20}},{"start":{"line":29,"column":24},"end":{"line":29,"column":26}}],"line":29}},"s":{"0":3,"1":6,"2":2,"3":6,"4":4,"5":4,"6":4,"7":7,"8":7,"9":4,"10":2,"11":4},"f":{"0":6,"1":4,"2":7,"3":4,"4":2,"5":4},"b":{"0":[2,0],"1":[6,0],"2":[4,0],"3":[4,0],"4":[4,3],"5":[7,5]},"meta":{"lastBranch":6,"lastFunction":6,"lastStatement":12,"seen":{"s:8:28:43:Infinity":0,"f:9:8:9:Infinity":0,"s:10:21:10:Infinity":1,"s:12:6:12:Infinity":2,"b:12:45:12:52:12:52:12:Infinity":0,"s:13:4:13:Infinity":3,"b:13:11:13:21:13:21:13:Infinity":1,"f:16:8:16:Infinity":1,"s:17:21:17:Infinity":4,"s:18:19:18:Infinity":5,"b:18:51:18:58:18:58:18:Infinity":2,"s:19:4:19:Infinity":6,"b:19:11:19:21:19:21:19:Infinity":3,"f:22:8:22:25":2,"s:23:21:27:Infinity":7,"b:26:39:26:61:26:61:26:Infinity":4,"s:29:4:29:Infinity":8,"b:29:11:29:20:29:24:29:26":5,"f:32:8:32:29":3,"s:33:4:33:Infinity":9,"f:36:8:36:Infinity":4,"s:37:4:37:Infinity":10,"f:40:8:40:Infinity":5,"s:41:4:41:Infinity":11},"fnNames":{}}}
,"F:\\Coding\\React\\Sistem-Hunian-V2\\src\\features\\dashboard\\components\\DashboardCards.tsx": {"path":"F:\\Coding\\React\\Sistem-Hunian-V2\\src\\features\\dashboard\\components\\DashboardCards.tsx","statementMap":{"0":{"start":{"line":28,"column":2},"end":{"line":54,"column":null}},"1":{"start":{"line":69,"column":2},"end":{"line":84,"column":null}},"2":{"start":{"line":92,"column":35},"end":{"line":92,"column":null}},"3":{"start":{"line":93,"column":30},"end":{"line":93,"column":53}},"4":{"start":{"line":94,"column":40},"end":{"line":94,"column":68}},"5":{"start":{"line":95,"column":16},"end":{"line":95,"column":54}},"6":{"start":{"line":97,"column":2},"end":{"line":104,"column":null}},"7":{"start":{"line":98,"column":4},"end":{"line":101,"column":null}},"8":{"start":{"line":106,"column":2},"end":{"line":106,"column":null}},"9":{"start":{"line":106,"column":19},"end":{"line":106,"column":null}},"10":{"start":{"line":108,"column":2},"end":{"line":138,"column":null}},"11":{"start":{"line":122,"column":23},"end":{"line":123,"column":45}},"12":{"start":{"line":136,"column":28},"end":{"line":138,"column":null}}},"fnMap":{"0":{"name":"SummaryCard","decl":{"start":{"line":19,"column":16},"end":{"line":19,"column":28}},"loc":{"start":{"line":27,"column":19},"end":{"line":58,"column":null}},"line":27},"1":{"name":"AlertItem","decl":{"start":{"line":62,"column":9},"end":{"line":62,"column":19}},"loc":{"start":{"line":68,"column":1},"end":{"line":87,"column":null}},"line":68},"2":{"name":"AlertPanel","decl":{"start":{"line":91,"column":16},"end":{"line":91,"column":null}},"loc":{"start":{"line":91,"column":16},"end":{"line":157,"column":null}},"line":91},"3":{"name":"(anonymous_3)","decl":{"start":{"line":122,"column":22},"end":{"line":122,"column":23}},"loc":{"start":{"line":122,"column":23},"end":{"line":123,"column":45}},"line":122},"4":{"name":"(anonymous_4)","decl":{"start":{"line":136,"column":27},"end":{"line":136,"column":28}},"loc":{"start":{"line":136,"column":28},"end":{"line":138,"column":null}},"line":136}},"branchMap":{"0":{"loc":{"start":{"line":33,"column":8},"end":{"line":33,"column":null}},"type":"binary-expr","locations":[{"start":{"line":33,"column":8},"end":{"line":33,"column":18}},{"start":{"line":33,"column":18},"end":{"line":33,"column":null}}],"line":33},"1":{"loc":{"start":{"line":34,"column":8},"end":{"line":35,"column":null}},"type":"binary-expr","locations":[{"start":{"line":34,"column":8},"end":{"line":34,"column":null}},{"start":{"line":35,"column":10},"end":{"line":35,"column":null}}],"line":34},"2":{"loc":{"start":{"line":47,"column":9},"end":{"line":51,"column":null}},"type":"cond-expr","locations":[{"start":{"line":47,"column":9},"end":{"line":50,"column":11}},{"start":{"line":50,"column":10},"end":{"line":51,"column":null}}],"line":47},"3":{"loc":{"start":{"line":51,"column":13},"end":{"line":51,"column":null}},"type":"binary-expr","locations":[{"start":{"line":51,"column":13},"end":{"line":51,"column":22}},{"start":{"line":51,"column":22},"end":{"line":51,"column":null}}],"line":51},"4":{"loc":{"start":{"line":73,"column":8},"end":{"line":75,"column":null}},"type":"cond-expr","locations":[{"start":{"line":74,"column":12},"end":{"line":74,"column":null}},{"start":{"line":75,"column":12},"end":{"line":75,"column":null}}],"line":73},"5":{"loc":{"start":{"line":81,"column":10},"end":{"line":81,"column":null}},"type":"cond-expr","locations":[{"start":{"line":81,"column":19},"end":{"line":81,"column":40}},{"start":{"line":81,"column":40},"end":{"line":81,"column":null}}],"line":81},"6":{"loc":{"start":{"line":93,"column":30},"end":{"line":93,"column":53}},"type":"binary-expr","locations":[{"start":{"line":93,"column":30},"end":{"line":93,"column":51}},{"start":{"line":93,"column":51},"end":{"line":93,"column":53}}],"line":93},"7":{"loc":{"start":{"line":94,"column":40},"end":{"line":94,"column":68}},"type":"binary-expr","locations":[{"start":{"line":94,"column":40},"end":{"line":94,"column":66}},{"start":{"line":94,"column":66},"end":{"line":94,"column":68}}],"line":94},"8":{"loc":{"start":{"line":97,"column":2},"end":{"line":104,"column":null}},"type":"if","locations":[{"start":{"line":97,"column":2},"end":{"line":104,"column":null}},{"start":{},"end":{}}],"line":97},"9":{"loc":{"start":{"line":106,"column":2},"end":{"line":106,"column":null}},"type":"if","locations":[{"start":{"line":106,"column":2},"end":{"line":106,"column":null}},{"start":{},"end":{}}],"line":106},"10":{"loc":{"start":{"line":129,"column":17},"end":{"line":131,"column":null}},"type":"cond-expr","locations":[{"start":{"line":130,"column":20},"end":{"line":130,"column":null}},{"start":{"line":131,"column":20},"end":{"line":131,"column":null}}],"line":129},"11":{"loc":{"start":{"line":146,"column":17},"end":{"line":148,"column":null}},"type":"cond-expr","locations":[{"start":{"line":147,"column":20},"end":{"line":147,"column":null}},{"start":{"line":148,"column":20},"end":{"line":148,"column":null}}],"line":146},"12":{"loc":{"start":{"line":149,"column":17},"end":{"line":149,"column":null}},"type":"cond-expr","locations":[{"start":{"line":149,"column":28},"end":{"line":149,"column":44}},{"start":{"line":149,"column":47},"end":{"line":149,"column":null}}],"line":149}},"s":{"0":8,"1":0,"2":0,"3":0,"4":0,"5":0,"6":0,"7":0,"8":0,"9":0,"10":0,"11":0,"12":0},"f":{"0":8,"1":0,"2":0,"3":0,"4":0},"b":{"0":[8,1],"1":[8,1],"2":[1,7],"3":[7,1],"4":[0,0],"5":[0,0],"6":[0,0],"7":[0,0],"8":[0,0],"9":[0,0],"10":[0,0],"11":[0,0],"12":[0,0]},"meta":{"lastBranch":13,"lastFunction":5,"lastStatement":13,"seen":{"f:19:16:19:28":0,"s:28:2:54:Infinity":0,"b:33:8:33:18:33:18:33:Infinity":0,"b:34:8:34:Infinity:35:10:35:Infinity":1,"b:47:9:50:11:50:10:51:Infinity":2,"b:51:13:51:22:51:22:51:Infinity":3,"f:62:9:62:19":1,"s:69:2:84:Infinity":1,"b:74:12:74:Infinity:75:12:75:Infinity":4,"b:81:19:81:40:81:40:81:Infinity":5,"f:91:16:91:Infinity":2,"s:92:35:92:Infinity":2,"s:93:30:93:53":3,"b:93:30:93:51:93:51:93:53":6,"s:94:40:94:68":4,"b:94:40:94:66:94:66:94:68":7,"s:95:16:95:54":5,"b:97:2:104:Infinity:undefined:undefined:undefined:undefined":8,"s:97:2:104:Infinity":6,"s:98:4:101:Infinity":7,"b:106:2:106:Infinity:undefined:undefined:undefined:undefined":9,"s:106:2:106:Infinity":8,"s:106:19:106:Infinity":9,"s:108:2:138:Infinity":10,"f:122:22:122:23":3,"s:122:23:123:45":11,"b:130:20:130:Infinity:131:20:131:Infinity":10,"f:136:27:136:28":4,"s:136:28:138:Infinity":12,"b:147:20:147:Infinity:148:20:148:Infinity":11,"b:149:28:149:44:149:47:149:Infinity":12},"fnNames":{}}}
,"F:\\Coding\\React\\Sistem-Hunian-V2\\src\\features\\dashboard\\hooks\\useDashboard.ts": {"path":"F:\\Coding\\React\\Sistem-Hunian-V2\\src\\features\\dashboard\\hooks\\useDashboard.ts","statementMap":{"0":{"start":{"line":13,"column":29},"end":{"line":13,"column":null}},"1":{"start":{"line":14,"column":33},"end":{"line":14,"column":null}},"2":{"start":{"line":17,"column":2},"end":{"line":20,"column":null}},"3":{"start":{"line":19,"column":19},"end":{"line":19,"column":null}},"4":{"start":{"line":24,"column":2},"end":{"line":27,"column":null}},"5":{"start":{"line":26,"column":19},"end":{"line":26,"column":null}},"6":{"start":{"line":31,"column":2},"end":{"line":35,"column":null}},"7":{"start":{"line":33,"column":19},"end":{"line":33,"column":null}},"8":{"start":{"line":39,"column":8},"end":{"line":39,"column":null}},"9":{"start":{"line":40,"column":2},"end":{"line":43,"column":null}},"10":{"start":{"line":41,"column":32},"end":{"line":41,"column":null}},"11":{"start":{"line":42,"column":21},"end":{"line":42,"column":null}},"12":{"start":{"line":47,"column":8},"end":{"line":47,"column":null}},"13":{"start":{"line":48,"column":2},"end":{"line":51,"column":null}},"14":{"start":{"line":49,"column":22},"end":{"line":49,"column":null}},"15":{"start":{"line":50,"column":21},"end":{"line":50,"column":null}},"16":{"start":{"line":55,"column":8},"end":{"line":55,"column":null}},"17":{"start":{"line":56,"column":2},"end":{"line":59,"column":null}},"18":{"start":{"line":57,"column":22},"end":{"line":57,"column":null}},"19":{"start":{"line":58,"column":21},"end":{"line":58,"column":null}}},"fnMap":{"0":{"name":"useDashboardSummary","decl":{"start":{"line":16,"column":16},"end":{"line":16,"column":null}},"loc":{"start":{"line":16,"column":16},"end":{"line":21,"column":null}},"line":16},"1":{"name":"(anonymous_1)","decl":{"start":{"line":19,"column":13},"end":{"line":19,"column":19}},"loc":{"start":{"line":19,"column":19},"end":{"line":19,"column":null}},"line":19},"2":{"name":"useDashboardAlerts","decl":{"start":{"line":23,"column":16},"end":{"line":23,"column":null}},"loc":{"start":{"line":23,"column":16},"end":{"line":28,"column":null}},"line":23},"3":{"name":"(anonymous_3)","decl":{"start":{"line":26,"column":13},"end":{"line":26,"column":19}},"loc":{"start":{"line":26,"column":19},"end":{"line":26,"column":null}},"line":26},"4":{"name":"useNotifications","decl":{"start":{"line":30,"column":16},"end":{"line":30,"column":33}},"loc":{"start":{"line":30,"column":49},"end":{"line":36,"column":null}},"line":30},"5":{"name":"(anonymous_5)","decl":{"start":{"line":33,"column":13},"end":{"line":33,"column":19}},"loc":{"start":{"line":33,"column":19},"end":{"line":33,"column":null}},"line":33},"6":{"name":"useMarkNotificationRead","decl":{"start":{"line":38,"column":16},"end":{"line":38,"column":null}},"loc":{"start":{"line":38,"column":16},"end":{"line":44,"column":null}},"line":38},"7":{"name":"(anonymous_7)","decl":{"start":{"line":41,"column":16},"end":{"line":41,"column":17}},"loc":{"start":{"line":41,"column":32},"end":{"line":41,"column":null}},"line":41},"8":{"name":"(anonymous_8)","decl":{"start":{"line":42,"column":15},"end":{"line":42,"column":21}},"loc":{"start":{"line":42,"column":21},"end":{"line":42,"column":null}},"line":42},"9":{"name":"useClearReadNotifications","decl":{"start":{"line":46,"column":16},"end":{"line":46,"column":null}},"loc":{"start":{"line":46,"column":16},"end":{"line":52,"column":null}},"line":46},"10":{"name":"(anonymous_10)","decl":{"start":{"line":49,"column":16},"end":{"line":49,"column":22}},"loc":{"start":{"line":49,"column":22},"end":{"line":49,"column":null}},"line":49},"11":{"name":"(anonymous_11)","decl":{"start":{"line":50,"column":15},"end":{"line":50,"column":21}},"loc":{"start":{"line":50,"column":21},"end":{"line":50,"column":null}},"line":50},"12":{"name":"useMarkAllNotificationsRead","decl":{"start":{"line":54,"column":16},"end":{"line":54,"column":null}},"loc":{"start":{"line":54,"column":16},"end":{"line":60,"column":null}},"line":54},"13":{"name":"(anonymous_13)","decl":{"start":{"line":57,"column":16},"end":{"line":57,"column":22}},"loc":{"start":{"line":57,"column":22},"end":{"line":57,"column":null}},"line":57},"14":{"name":"(anonymous_14)","decl":{"start":{"line":58,"column":15},"end":{"line":58,"column":21}},"loc":{"start":{"line":58,"column":21},"end":{"line":58,"column":null}},"line":58}},"branchMap":{},"s":{"0":2,"1":2,"2":6,"3":3,"4":4,"5":2,"6":6,"7":3,"8":4,"9":4,"10":2,"11":1,"12":4,"13":4,"14":2,"15":1,"16":2,"17":2,"18":1,"19":1},"f":{"0":6,"1":3,"2":4,"3":2,"4":6,"5":3,"6":4,"7":2,"8":1,"9":4,"10":2,"11":1,"12":2,"13":1,"14":1},"b":{},"meta":{"lastBranch":0,"lastFunction":15,"lastStatement":20,"seen":{"s:13:29:13:Infinity":0,"s:14:33:14:Infinity":1,"f:16:16:16:Infinity":0,"s:17:2:20:Infinity":2,"f:19:13:19:19":1,"s:19:19:19:Infinity":3,"f:23:16:23:Infinity":2,"s:24:2:27:Infinity":4,"f:26:13:26:19":3,"s:26:19:26:Infinity":5,"f:30:16:30:33":4,"s:31:2:35:Infinity":6,"f:33:13:33:19":5,"s:33:19:33:Infinity":7,"f:38:16:38:Infinity":6,"s:39:8:39:Infinity":8,"s:40:2:43:Infinity":9,"f:41:16:41:17":7,"s:41:32:41:Infinity":10,"f:42:15:42:21":8,"s:42:21:42:Infinity":11,"f:46:16:46:Infinity":9,"s:47:8:47:Infinity":12,"s:48:2:51:Infinity":13,"f:49:16:49:22":10,"s:49:22:49:Infinity":14,"f:50:15:50:21":11,"s:50:21:50:Infinity":15,"f:54:16:54:Infinity":12,"s:55:8:55:Infinity":16,"s:56:2:59:Infinity":17,"f:57:16:57:22":13,"s:57:22:57:Infinity":18,"f:58:15:58:21":14,"s:58:21:58:Infinity":19},"fnNames":{}}}
,"F:\\Coding\\React\\Sistem-Hunian-V2\\src\\features\\maintenance\\api\\maintenanceApi.ts": {"path":"F:\\Coding\\React\\Sistem-Hunian-V2\\src\\features\\maintenance\\api\\maintenanceApi.ts","statementMap":{"0":{"start":{"line":8,"column":30},"end":{"line":57,"column":null}},"1":{"start":{"line":10,"column":40},"end":{"line":10,"column":null}},"2":{"start":{"line":11,"column":4},"end":{"line":11,"column":null}},"3":{"start":{"line":11,"column":16},"end":{"line":11,"column":null}},"4":{"start":{"line":12,"column":4},"end":{"line":12,"column":null}},"5":{"start":{"line":12,"column":21},"end":{"line":12,"column":null}},"6":{"start":{"line":13,"column":4},"end":{"line":13,"column":null}},"7":{"start":{"line":13,"column":17},"end":{"line":13,"column":null}},"8":{"start":{"line":14,"column":21},"end":{"line":14,"column":null}},"9":{"start":{"line":15,"column":4},"end":{"line":15,"column":null}},"10":{"start":{"line":19,"column":21},"end":{"line":19,"column":null}},"11":{"start":{"line":20,"column":4},"end":{"line":20,"column":null}},"12":{"start":{"line":24,"column":21},"end":{"line":24,"column":null}},"13":{"start":{"line":25,"column":4},"end":{"line":25,"column":null}},"14":{"start":{"line":29,"column":21},"end":{"line":29,"column":null}},"15":{"start":{"line":30,"column":4},"end":{"line":30,"column":null}},"16":{"start":{"line":34,"column":17},"end":{"line":34,"column":null}},"17":{"start":{"line":35,"column":4},"end":{"line":35,"column":null}},"18":{"start":{"line":36,"column":21},"end":{"line":38,"column":null}},"19":{"start":{"line":40,"column":4},"end":{"line":40,"column":null}},"20":{"start":{"line":44,"column":17},"end":{"line":44,"column":null}},"21":{"start":{"line":45,"column":4},"end":{"line":45,"column":null}},"22":{"start":{"line":46,"column":21},"end":{"line":48,"column":null}},"23":{"start":{"line":50,"column":4},"end":{"line":50,"column":null}},"24":{"start":{"line":54,"column":21},"end":{"line":54,"column":null}},"25":{"start":{"line":55,"column":4},"end":{"line":55,"column":null}}},"fnMap":{"0":{"name":"list","decl":{"start":{"line":9,"column":8},"end":{"line":9,"column":13}},"loc":{"start":{"line":9,"column":90},"end":{"line":16,"column":null}},"line":9},"1":{"name":"getById","decl":{"start":{"line":18,"column":8},"end":{"line":18,"column":16}},"loc":{"start":{"line":18,"column":26},"end":{"line":21,"column":null}},"line":18},"2":{"name":"create","decl":{"start":{"line":23,"column":8},"end":{"line":23,"column":15}},"loc":{"start":{"line":23,"column":48},"end":{"line":26,"column":null}},"line":23},"3":{"name":"update","decl":{"start":{"line":28,"column":8},"end":{"line":28,"column":15}},"loc":{"start":{"line":28,"column":60},"end":{"line":31,"column":null}},"line":28},"4":{"name":"uploadFotoKerusakan","decl":{"start":{"line":33,"column":8},"end":{"line":33,"column":28}},"loc":{"start":{"line":33,"column":50},"end":{"line":41,"column":null}},"line":33},"5":{"name":"uploadFotoPenanganan","decl":{"start":{"line":43,"column":8},"end":{"line":43,"column":29}},"loc":{"start":{"line":43,"column":51},"end":{"line":51,"column":null}},"line":43},"6":{"name":"getLogs","decl":{"start":{"line":53,"column":8},"end":{"line":53,"column":16}},"loc":{"start":{"line":53,"column":26},"end":{"line":56,"column":null}},"line":53}},"branchMap":{"0":{"loc":{"start":{"line":9,"column":13},"end":{"line":9,"column":21}},"type":"default-arg","locations":[{"start":{"line":9,"column":20},"end":{"line":9,"column":21}}],"line":9},"1":{"loc":{"start":{"line":9,"column":23},"end":{"line":9,"column":33}},"type":"default-arg","locations":[{"start":{"line":9,"column":31},"end":{"line":9,"column":33}}],"line":9},"2":{"loc":{"start":{"line":11,"column":4},"end":{"line":11,"column":null}},"type":"if","locations":[{"start":{"line":11,"column":4},"end":{"line":11,"column":null}},{"start":{},"end":{}}],"line":11},"3":{"loc":{"start":{"line":12,"column":4},"end":{"line":12,"column":null}},"type":"if","locations":[{"start":{"line":12,"column":4},"end":{"line":12,"column":null}},{"start":{},"end":{}}],"line":12},"4":{"loc":{"start":{"line":13,"column":4},"end":{"line":13,"column":null}},"type":"if","locations":[{"start":{"line":13,"column":4},"end":{"line":13,"column":null}},{"start":{},"end":{}}],"line":13},"5":{"loc":{"start":{"line":15,"column":27},"end":{"line":15,"column":43}},"type":"binary-expr","locations":[{"start":{"line":15,"column":27},"end":{"line":15,"column":41}},{"start":{"line":15,"column":41},"end":{"line":15,"column":43}}],"line":15},"6":{"loc":{"start":{"line":15,"column":57},"end":{"line":15,"column":82}},"type":"binary-expr","locations":[{"start":{"line":15,"column":57},"end":{"line":15,"column":77}},{"start":{"line":15,"column":77},"end":{"line":15,"column":82}}],"line":15},"7":{"loc":{"start":{"line":20,"column":11},"end":{"line":20,"column":null}},"type":"binary-expr","locations":[{"start":{"line":20,"column":11},"end":{"line":20,"column":25}},{"start":{"line":20,"column":25},"end":{"line":20,"column":null}}],"line":20},"8":{"loc":{"start":{"line":40,"column":11},"end":{"line":40,"column":null}},"type":"binary-expr","locations":[{"start":{"line":40,"column":11},"end":{"line":40,"column":25}},{"start":{"line":40,"column":25},"end":{"line":40,"column":null}}],"line":40},"9":{"loc":{"start":{"line":50,"column":11},"end":{"line":50,"column":null}},"type":"binary-expr","locations":[{"start":{"line":50,"column":11},"end":{"line":50,"column":25}},{"start":{"line":50,"column":25},"end":{"line":50,"column":null}}],"line":50},"10":{"loc":{"start":{"line":55,"column":11},"end":{"line":55,"column":27}},"type":"binary-expr","locations":[{"start":{"line":55,"column":11},"end":{"line":55,"column":25}},{"start":{"line":55,"column":25},"end":{"line":55,"column":27}}],"line":55}},"s":{"0":2,"1":7,"2":7,"3":2,"4":7,"5":2,"6":7,"7":2,"8":7,"9":6,"10":4,"11":2,"12":4,"13":2,"14":5,"15":4,"16":3,"17":3,"18":3,"19":2,"20":2,"21":2,"22":2,"23":2,"24":3,"25":3},"f":{"0":7,"1":4,"2":4,"3":5,"4":3,"5":2,"6":3},"b":{"0":[7],"1":[7],"2":[2,5],"3":[2,5],"4":[2,5],"5":[6,0],"6":[7,4],"7":[2,2],"8":[2,2],"9":[2,2],"10":[3,3]},"meta":{"lastBranch":11,"lastFunction":7,"lastStatement":26,"seen":{"s:8:30:57:Infinity":0,"f:9:8:9:13":0,"b:9:20:9:21":0,"b:9:31:9:33":1,"s:10:40:10:Infinity":1,"b:11:4:11:Infinity:undefined:undefined:undefined:undefined":2,"s:11:4:11:Infinity":2,"s:11:16:11:Infinity":3,"b:12:4:12:Infinity:undefined:undefined:undefined:undefined":3,"s:12:4:12:Infinity":4,"s:12:21:12:Infinity":5,"b:13:4:13:Infinity:undefined:undefined:undefined:undefined":4,"s:13:4:13:Infinity":6,"s:13:17:13:Infinity":7,"s:14:21:14:Infinity":8,"s:15:4:15:Infinity":9,"b:15:27:15:41:15:41:15:43":5,"b:15:57:15:77:15:77:15:82":6,"f:18:8:18:16":1,"s:19:21:19:Infinity":10,"s:20:4:20:Infinity":11,"b:20:11:20:25:20:25:20:Infinity":7,"f:23:8:23:15":2,"s:24:21:24:Infinity":12,"s:25:4:25:Infinity":13,"f:28:8:28:15":3,"s:29:21:29:Infinity":14,"s:30:4:30:Infinity":15,"f:33:8:33:28":4,"s:34:17:34:Infinity":16,"s:35:4:35:Infinity":17,"s:36:21:38:Infinity":18,"s:40:4:40:Infinity":19,"b:40:11:40:25:40:25:40:Infinity":8,"f:43:8:43:29":5,"s:44:17:44:Infinity":20,"s:45:4:45:Infinity":21,"s:46:21:48:Infinity":22,"s:50:4:50:Infinity":23,"b:50:11:50:25:50:25:50:Infinity":9,"f:53:8:53:16":6,"s:54:21:54:Infinity":24,"s:55:4:55:Infinity":25,"b:55:11:55:25:55:25:55:27":10},"fnNames":{}}}
,"F:\\Coding\\React\\Sistem-Hunian-V2\\src\\features\\maintenance\\hooks\\useMaintenance.ts": {"path":"F:\\Coding\\React\\Sistem-Hunian-V2\\src\\features\\maintenance\\hooks\\useMaintenance.ts","statementMap":{"0":{"start":{"line":5,"column":31},"end":{"line":5,"column":null}},"1":{"start":{"line":14,"column":2},"end":{"line":18,"column":null}},"2":{"start":{"line":17,"column":6},"end":{"line":17,"column":null}},"3":{"start":{"line":22,"column":2},"end":{"line":26,"column":null}},"4":{"start":{"line":24,"column":19},"end":{"line":24,"column":null}},"5":{"start":{"line":30,"column":8},"end":{"line":30,"column":null}},"6":{"start":{"line":31,"column":2},"end":{"line":35,"column":null}},"7":{"start":{"line":33,"column":6},"end":{"line":33,"column":null}},"8":{"start":{"line":34,"column":21},"end":{"line":34,"column":null}},"9":{"start":{"line":39,"column":8},"end":{"line":39,"column":null}},"10":{"start":{"line":40,"column":2},"end":{"line":49,"column":null}},"11":{"start":{"line":47,"column":10},"end":{"line":47,"column":null}},"12":{"start":{"line":48,"column":21},"end":{"line":48,"column":null}},"13":{"start":{"line":53,"column":8},"end":{"line":53,"column":null}},"14":{"start":{"line":54,"column":2},"end":{"line":60,"column":null}},"15":{"start":{"line":56,"column":6},"end":{"line":56,"column":null}},"16":{"start":{"line":58,"column":6},"end":{"line":58,"column":null}},"17":{"start":{"line":64,"column":8},"end":{"line":64,"column":null}},"18":{"start":{"line":65,"column":2},"end":{"line":71,"column":null}},"19":{"start":{"line":67,"column":6},"end":{"line":67,"column":null}},"20":{"start":{"line":69,"column":6},"end":{"line":69,"column":null}},"21":{"start":{"line":75,"column":2},"end":{"line":79,"column":null}},"22":{"start":{"line":77,"column":19},"end":{"line":77,"column":null}}},"fnMap":{"0":{"name":"useMaintenances","decl":{"start":{"line":7,"column":16},"end":{"line":7,"column":null}},"loc":{"start":{"line":12,"column":18},"end":{"line":19,"column":null}},"line":12},"1":{"name":"(anonymous_1)","decl":{"start":{"line":16,"column":13},"end":{"line":16,"column":null}},"loc":{"start":{"line":17,"column":6},"end":{"line":17,"column":null}},"line":17},"2":{"name":"useMaintenanceById","decl":{"start":{"line":21,"column":16},"end":{"line":21,"column":35}},"loc":{"start":{"line":21,"column":46},"end":{"line":27,"column":null}},"line":21},"3":{"name":"(anonymous_3)","decl":{"start":{"line":24,"column":13},"end":{"line":24,"column":19}},"loc":{"start":{"line":24,"column":19},"end":{"line":24,"column":null}},"line":24},"4":{"name":"useCreateMaintenance","decl":{"start":{"line":29,"column":16},"end":{"line":29,"column":null}},"loc":{"start":{"line":29,"column":16},"end":{"line":36,"column":null}},"line":29},"5":{"name":"(anonymous_5)","decl":{"start":{"line":32,"column":16},"end":{"line":32,"column":17}},"loc":{"start":{"line":33,"column":6},"end":{"line":33,"column":null}},"line":33},"6":{"name":"(anonymous_6)","decl":{"start":{"line":34,"column":15},"end":{"line":34,"column":21}},"loc":{"start":{"line":34,"column":21},"end":{"line":34,"column":null}},"line":34},"7":{"name":"useUpdateMaintenance","decl":{"start":{"line":38,"column":16},"end":{"line":38,"column":null}},"loc":{"start":{"line":38,"column":16},"end":{"line":50,"column":null}},"line":38},"8":{"name":"(anonymous_8)","decl":{"start":{"line":41,"column":16},"end":{"line":41,"column":17}},"loc":{"start":{"line":47,"column":10},"end":{"line":47,"column":null}},"line":47},"9":{"name":"(anonymous_9)","decl":{"start":{"line":48,"column":15},"end":{"line":48,"column":21}},"loc":{"start":{"line":48,"column":21},"end":{"line":48,"column":null}},"line":48},"10":{"name":"useUploadFotoKerusakan","decl":{"start":{"line":52,"column":16},"end":{"line":52,"column":null}},"loc":{"start":{"line":52,"column":16},"end":{"line":61,"column":null}},"line":52},"11":{"name":"(anonymous_11)","decl":{"start":{"line":55,"column":16},"end":{"line":55,"column":17}},"loc":{"start":{"line":56,"column":6},"end":{"line":56,"column":null}},"line":56},"12":{"name":"(anonymous_12)","decl":{"start":{"line":57,"column":15},"end":{"line":57,"column":16}},"loc":{"start":{"line":57,"column":25},"end":{"line":59,"column":null}},"line":57},"13":{"name":"useUploadFotoPenanganan","decl":{"start":{"line":63,"column":16},"end":{"line":63,"column":null}},"loc":{"start":{"line":63,"column":16},"end":{"line":72,"column":null}},"line":63},"14":{"name":"(anonymous_14)","decl":{"start":{"line":66,"column":16},"end":{"line":66,"column":17}},"loc":{"start":{"line":67,"column":6},"end":{"line":67,"column":null}},"line":67},"15":{"name":"(anonymous_15)","decl":{"start":{"line":68,"column":15},"end":{"line":68,"column":16}},"loc":{"start":{"line":68,"column":25},"end":{"line":70,"column":null}},"line":68},"16":{"name":"useMaintenanceLogs","decl":{"start":{"line":74,"column":16},"end":{"line":74,"column":35}},"loc":{"start":{"line":74,"column":46},"end":{"line":80,"column":null}},"line":74},"17":{"name":"(anonymous_17)","decl":{"start":{"line":77,"column":13},"end":{"line":77,"column":19}},"loc":{"start":{"line":77,"column":19},"end":{"line":77,"column":null}},"line":77}},"branchMap":{"0":{"loc":{"start":{"line":8,"column":2},"end":{"line":8,"column":10}},"type":"default-arg","locations":[{"start":{"line":8,"column":9},"end":{"line":8,"column":10}}],"line":8},"1":{"loc":{"start":{"line":9,"column":2},"end":{"line":9,"column":12}},"type":"default-arg","locations":[{"start":{"line":9,"column":10},"end":{"line":9,"column":12}}],"line":9}},"s":{"0":1,"1":8,"2":4,"3":5,"4":2,"5":4,"6":4,"7":2,"8":1,"9":4,"10":4,"11":2,"12":2,"13":2,"14":2,"15":1,"16":1,"17":2,"18":2,"19":1,"20":1,"21":3,"22":1},"f":{"0":8,"1":4,"2":5,"3":2,"4":4,"5":2,"6":1,"7":4,"8":2,"9":2,"10":2,"11":1,"12":1,"13":2,"14":1,"15":1,"16":3,"17":1},"b":{"0":[8],"1":[8]},"meta":{"lastBranch":2,"lastFunction":18,"lastStatement":23,"seen":{"s:5:31:5:Infinity":0,"f:7:16:7:Infinity":0,"b:8:9:8:10":0,"b:9:10:9:12":1,"s:14:2:18:Infinity":1,"f:16:13:16:Infinity":1,"s:17:6:17:Infinity":2,"f:21:16:21:35":2,"s:22:2:26:Infinity":3,"f:24:13:24:19":3,"s:24:19:24:Infinity":4,"f:29:16:29:Infinity":4,"s:30:8:30:Infinity":5,"s:31:2:35:Infinity":6,"f:32:16:32:17":5,"s:33:6:33:Infinity":7,"f:34:15:34:21":6,"s:34:21:34:Infinity":8,"f:38:16:38:Infinity":7,"s:39:8:39:Infinity":9,"s:40:2:49:Infinity":10,"f:41:16:41:17":8,"s:47:10:47:Infinity":11,"f:48:15:48:21":9,"s:48:21:48:Infinity":12,"f:52:16:52:Infinity":10,"s:53:8:53:Infinity":13,"s:54:2:60:Infinity":14,"f:55:16:55:17":11,"s:56:6:56:Infinity":15,"f:57:15:57:16":12,"s:58:6:58:Infinity":16,"f:63:16:63:Infinity":13,"s:64:8:64:Infinity":17,"s:65:2:71:Infinity":18,"f:66:16:66:17":14,"s:67:6:67:Infinity":19,"f:68:15:68:16":15,"s:69:6:69:Infinity":20,"f:74:16:74:35":16,"s:75:2:79:Infinity":21,"f:77:13:77:19":17,"s:77:19:77:Infinity":22},"fnNames":{}}}
,"F:\\Coding\\React\\Sistem-Hunian-V2\\src\\features\\payments\\api\\paymentApi.ts": {"path":"F:\\Coding\\React\\Sistem-Hunian-V2\\src\\features\\payments\\api\\paymentApi.ts","statementMap":{"0":{"start":{"line":4,"column":26},"end":{"line":42,"column":null}},"1":{"start":{"line":6,"column":40},"end":{"line":6,"column":null}},"2":{"start":{"line":7,"column":4},"end":{"line":7,"column":null}},"3":{"start":{"line":7,"column":17},"end":{"line":7,"column":null}},"4":{"start":{"line":8,"column":4},"end":{"line":8,"column":null}},"5":{"start":{"line":8,"column":19},"end":{"line":8,"column":null}},"6":{"start":{"line":9,"column":4},"end":{"line":9,"column":null}},"7":{"start":{"line":9,"column":16},"end":{"line":9,"column":null}},"8":{"start":{"line":10,"column":4},"end":{"line":10,"column":null}},"9":{"start":{"line":10,"column":21},"end":{"line":10,"column":null}},"10":{"start":{"line":11,"column":4},"end":{"line":11,"column":null}},"11":{"start":{"line":11,"column":16},"end":{"line":11,"column":null}},"12":{"start":{"line":12,"column":21},"end":{"line":12,"column":null}},"13":{"start":{"line":13,"column":4},"end":{"line":13,"column":null}},"14":{"start":{"line":17,"column":21},"end":{"line":17,"column":null}},"15":{"start":{"line":18,"column":4},"end":{"line":18,"column":null}},"16":{"start":{"line":22,"column":21},"end":{"line":22,"column":null}},"17":{"start":{"line":23,"column":4},"end":{"line":23,"column":null}},"18":{"start":{"line":27,"column":4},"end":{"line":27,"column":null}},"19":{"start":{"line":31,"column":17},"end":{"line":31,"column":null}},"20":{"start":{"line":32,"column":4},"end":{"line":32,"column":null}},"21":{"start":{"line":33,"column":21},"end":{"line":35,"column":null}},"22":{"start":{"line":36,"column":4},"end":{"line":36,"column":null}},"23":{"start":{"line":40,"column":4},"end":{"line":40,"column":null}}},"fnMap":{"0":{"name":"list","decl":{"start":{"line":5,"column":8},"end":{"line":5,"column":13}},"loc":{"start":{"line":5,"column":127},"end":{"line":14,"column":null}},"line":5},"1":{"name":"getById","decl":{"start":{"line":16,"column":8},"end":{"line":16,"column":16}},"loc":{"start":{"line":16,"column":26},"end":
[...]
},"5":{"loc":{"start":{"line":126,"column":4},"end":{"line":129,"column":null}},"type":"binary-expr","locations":[{"start":{"line":126,"column":4},"end":{"line":126,"column":30}},{"start":{"line":126,"column":34},"end":{"line":129,"column":null}}],"line":126},"6":{"loc":{"start":{"line":135,"column":2},"end":{"line":146,"column":null}},"type":"switch","locations":[{"start":{"line":136,"column":4},"end":{"line":137,"column":null}},{"start":{"line":138,"column":4},"end":{"line":138,"column":null}},{"start":{"line":139,"column":4},"end":{"line":140,"column":null}},{"start":{"line":141,"column":4},"end":{"line":141,"column":null}},{"start":{"line":142,"column":4},"end":{"line":143,"column":null}},{"start":{"line":144,"column":4},"end":{"line":145,"column":null}}],"line":135},"7":{"loc":{"start":{"line":151,"column":2},"end":{"line":163,"column":null}},"type":"switch","locations":[{"start":{"line":152,"column":4},"end":{"line":153,"column":null}},{"start":{"line":154,"column":4},"end":{"line":155,"column":null}},{"start":{"line":156,"column":4},"end":{"line":156,"column":null}},{"start":{"line":157,"column":4},"end":{"line":158,"column":null}},{"start":{"line":159,"column":4},"end":{"line":160,"column":null}},{"start":{"line":161,"column":4},"end":{"line":162,"column":null}}],"line":151},"8":{"loc":{"start":{"line":168,"column":2},"end":{"line":180,"column":null}},"type":"switch","locations":[{"start":{"line":169,"column":4},"end":{"line":170,"column":null}},{"start":{"line":171,"column":4},"end":{"line":171,"column":null}},{"start":{"line":172,"column":4},"end":{"line":173,"column":null}},{"start":{"line":174,"column":4},"end":{"line":175,"column":null}},{"start":{"line":176,"column":4},"end":{"line":177,"column":null}},{"start":{"line":178,"column":4},"end":{"line":179,"column":null}}],"line":168},"9":{"loc":{"start":{"line":185,"column":2},"end":{"line":196,"column":null}},"type":"switch","locations":[{"start":{"line":186,"column":4},"end":{"line":187,"column":null}},{"start":{"line":188,"column":4},"end":{"line":189,"column":null}},{"start":{"line":190,"column":4},"end":{"line":191,"column":null}},{"start":{"line":192,"column":4},"end":{"line":193,"column":null}},{"start":{"line":194,"column":4},"end":{"line":195,"column":null}}],"line":185},"10":{"loc":{"start":{"line":203,"column":20},"end":{"line":203,"column":null}},"type":"binary-expr","locations":[{"start":{"line":203,"column":20},"end":{"line":203,"column":42}},{"start":{"line":203,"column":42},"end":{"line":203,"column":null}}],"line":203},"11":{"loc":{"start":{"line":206,"column":15},"end":{"line":206,"column":null}},"type":"cond-expr","locations":[{"start":{"line":206,"column":27},"end":{"line":206,"column":44}},{"start":{"line":206,"column":44},"end":{"line":206,"column":null}}],"line":206},"12":{"loc":{"start":{"line":295,"column":4},"end":{"line":298,"column":null}},"type":"binary-expr","locations":[{"start":{"line":295,"column":4},"end":{"line":295,"column":27}},{"start":{"line":295,"column":31},"end":{"line":298,"column":null}}],"line":295}},"s":{"0":1,"1":5,"2":2,"3":1,"4":1,"5":1,"6":1,"7":7,"8":1,"9":2,"10":1,"11":2,"12":1,"13":1,"14":7,"15":1,"16":2,"17":2,"18":1,"19":1,"20":1,"21":5,"22":1,"23":1,"24":1,"25":1,"26":1,"27":1,"28":5,"29":2,"30":1,"31":1,"32":1,"33":1,"34":1,"35":1,"36":0,"37":1,"38":0,"39":0,"40":0,"41":0,"42":0,"43":1,"44":0,"45":0,"46":0,"47":0,"48":0,"49":0,"50":1,"51":0,"52":0,"53":0,"54":0,"55":0,"56":0,"57":1,"58":0,"59":0,"60":0,"61":0,"62":0,"63":0,"64":1,"65":0,"66":0,"67":1,"68":1,"69":0},"f":{"0":5,"1":7,"2":7,"3":5,"4":5,"5":0,"6":0,"7":0,"8":0,"9":0,"10":0,"11":0},"b":{"0":[1,2,1,1,1],"1":[1,1,2,1,1,2,1],"2":[1,1,2,1,2,1,1],"3":[1,1,1,1,1],"4":[1,2,1,1,1],"5":[0,0],"6":[0,0,0,0,0,0],"7":[0,0,0,0,0,0],"8":[0,0,0,0,0,0],"9":[0,0,0,0,0],"10":[0,0],"11":[0,0],"12":[0,0]},"meta":{"lastBranch":13,"lastFunction":12,"lastStatement":70,"seen":{"s:7:32:19:Infinity":0,"f:7:32:7:33":0,"b:9:4:9:Infinity:10:4:11:Infinity:12:4:13:Infinity:14:4:15:Infinity:16:4:17:Infinity":0,"s:8:2:18:Infinity":1,"s:11:6:11:Infinity":2,"s:13:6:13:Infinity":3,"s:15:6:15:Infinity":4,"s:17:6:17:Infinity":5,"s:21:33:36:Infinity":6,"f:21:33:21:34":1,"b:23:4:24:Infinity:25:4:25:Infinity:26:4:27:Infinity:28:4:29:Infinity:30:4:30:Infinity:31:4:32:Infinity:33:4:34:Infinity":1,"s:22:2:35:Infinity":7,"s:24:6:24:Infinity":8,"s:27:6:27:Infinity":9,"s:29:6:29:Infinity":10,"s:32:6:32:Infinity":11,"s:34:6:34:Infinity":12,"s:38:35:53:Infinity":13,"f:38:35:38:36":2,"b:40:4:41:Infinity:42:4:42:Infinity:43:4:44:Infinity:45:4:45:Infinity:46:4:47:Infinity:48:4:49:Infinity:50:4:51:Infinity":2,"s:39:2:52:Infinity":14,"s:41:6:41:Infinity":15,"s:44:6:44:Infinity":16,"s:47:6:47:Infinity":17,"s:49:6:49:Infinity":18,"s:51:6:51:Infinity":19,"s:55:37:68:Infinity":20,"f:55:37:55:38":3,"b:57:4:58:Infinity:59:4:60:Infinity:61:4:62:Infinity:63:4:64:Infinity:65:4:66:Infinity":3,"s:56:2:67:Infinity":21,"s:58:6:58:Infinity":22,"s:60:6:60:Infinity":23,"s:62:6:62:Infinity":24,"s:64:6:64:Infinity":25,"s:66:6:66:Infinity":26,"s:70:42:82:Infinity":27,"f:70:42:70:43":4,"b:72:4:72:Infinity:73:4:74:Infinity:75:4:76:Infinity:77:4:78:Infinity:79:4:80:Infinity":4,"s:71:2:81:Infinity":28,"s:74:6:74:Infinity":29,"s:76:6:76:Infinity":30,"s:78:6:78:Infinity":31,"s:80:6:80:Infinity":32,"s:88:4:93:Infinity":33,"s:96:2:119:Infinity":34,"s:122:37:131:Infinity":35,"f:122:37:122:Infinity":5,"s:125:2:129:Infinity":36,"b:126:4:126:30:126:34:129:Infinity":5,"s:134:37:147:Infinity":37,"f:134:37:134:38":6,"b:136:4:137:Infinity:138:4:138:Infinity:139:4:140:Infinity:141:4:141:Infinity:142:4:143:Infinity:144:4:145:Infinity":6,"s:135:2:146:Infinity":38,"s:137:6:137:Infinity":39,"s:140:6:140:Infinity":40,"s:143:6:143:Infinity":41,"s:145:6:145:Infinity":42,"s:150:38:164:Infinity":43,"f:150:38:150:39":7,"b:152:4:153:Infinity:154:4:155:Infinity:156:4:156:Infinity:157:4:158:Infinity:159:4:160:Infinity:161:4:162:Infinity":7,"s:151:2:163:Infinity":44,"s:153:6:153:Infinity":45,"s:155:6:155:Infinity":46,"s:158:6:158:Infinity":47,"s:160:6:160:Infinity":48,"s:162:6:162:Infinity":49,"s:167:41:181:Infinity":50,"f:167:41:167:42":8,"b:169:4:170:Infinity:171:4:171:Infinity:172:4:173:Infinity:174:4:175:Infinity:176:4:177:Infinity:178:4:179:Infinity":8,"s:168:2:180:Infinity":51,"s:170:6:170:Infinity":52,"s:173:6:173:Infinity":53,"s:175:6:175:Infinity":54,"s:177:6:177:Infinity":55,"s:179:6:179:Infinity":56,"s:184:37:197:Infinity":57,"f:184:37:184:38":9,"b:186:4:187:Infinity:188:4:189:Infinity:190:4:191:Infinity:192:4:193:Infinity:194:4:195:Infinity":9,"s:185:2:196:Infinity":58,"s:187:6:187:Infinity":59,"s:189:6:189:Infinity":60,"s:191:6:191:Infinity":61,"s:193:6:193:Infinity":62,"s:195:6:195:Infinity":63,"s:200:40:208:Infinity":64,"f:200:40:200:Infinity":10,"s:203:20:203:Infinity":65,"b:203:20:203:42:203:42:203:Infinity":10,"s:204:2:207:Infinity":66,"b:206:27:206:44:206:44:206:Infinity":11,"s:218:60:287:Infinity":67,"s:293:31:300:Infinity":68,"f:293:31:293:32":11,"s:294:2:298:Infinity":69,"b:295:4:295:27:295:31:298:Infinity":12},"fnNames":{}}}
,"F:\\Coding\\React\\Sistem-Hunian-V2\\src\\shared\\utils\\utils.ts": {"path":"F:\\Coding\\React\\Sistem-Hunian-V2\\src\\shared\\utils\\utils.ts","statementMap":{"0":{"start":{"line":5,"column":2},"end":{"line":5,"column":null}},"1":{"start":{"line":9,"column":2},"end":{"line":14,"column":null}},"2":{"start":{"line":22,"column":26},"end":{"line":27,"column":null}},"3":{"start":{"line":23,"column":2},"end":{"line":25,"column":null}},"4":{"start":{"line":24,"column":4},"end":{"line":24,"column":null}},"5":{"start":{"line":26,"column":2},"end":{"line":26,"column":null}},"6":{"start":{"line":36,"column":2},"end":{"line":36,"column":null}},"7":{"start":{"line":36,"column":14},"end":{"line":36,"column":null}},"8":{"start":{"line":38,"column":2},"end":{"line":41,"column":null}},"9":{"start":{"line":40,"column":17},"end":{"line":40,"column":null}}},"fnMap":{"0":{"name":"cn","decl":{"start":{"line":4,"column":16},"end":{"line":4,"column":19}},"loc":{"start":{"line":4,"column":42},"end":{"line":6,"column":null}},"line":4},"1":{"name":"formatRupiah","decl":{"start":{"line":8,"column":16},"end":{"line":8,"column":29}},"loc":{"start":{"line":8,"column":43},"end":{"line":15,"column":null}},"line":8},"2":{"name":"(anonymous_2)","decl":{"start":{"line":22,"column":26},"end":{"line":22,"column":27}},"loc":{"start":{"line":22,"column":27},"end":{"line":27,"column":null}},"line":22},"3":{"name":"formatLabel","decl":{"start":{"line":35,"column":16},"end":{"line":35,"column":28}},"loc":{"start":{"line":35,"column":60},"end":{"line":42,"column":null}},"line":35},"4":{"name":"(anonymous_4)","decl":{"start":{"line":40,"column":9},"end":{"line":40,"column":17}},"loc":{"start":{"line":40,"column":17},"end":{"line":40,"column":null}},"line":40}},"branchMap":{"0":{"loc":{"start":{"line":23,"column":2},"end":{"line":25,"column":null}},"type":"if","locations":[{"start":{"line":23,"column":2},"end":{"line":25,"column":null}},{"start":{},"end":{}}],"line":23},"1":{"loc":{"start":{"line":23,"column":6},"end":{"line":23,"column":34}},"type":"binary-expr","locations":[{"start":{"line":23,"column":6},"end":{"line":23,"column":21}},{"start":{"line":23,"column":21},"end":{"line":23,"column":34}}],"line":23},"2":{"loc":{"start":{"line":36,"column":2},"end":{"line":36,"column":null}},"type":"if","locations":[{"start":{"line":36,"column":2},"end":{"line":36,"column":null}},{"start":{},"end":{}}],"line":36}},"s":{"0":268,"1":4,"2":7,"3":4,"4":2,"5":4,"6":6,"7":3,"8":3,"9":6},"f":{"0":268,"1":4,"2":4,"3":6,"4":6},"b":{"0":[2,2],"1":[4,2],"2":[3,3]},"meta":{"lastBranch":3,"lastFunction":5,"lastStatement":10,"seen":{"f:4:16:4:19":0,"s:5:2:5:Infinity":0,"f:8:16:8:29":1,"s:9:2:14:Infinity":1,"s:22:26:27:Infinity":2,"f:22:26:22:27":2,"b:23:2:25:Infinity:undefined:undefined:undefined:undefined":0,"s:23:2:25:Infinity":3,"b:23:6:23:21:23:21:23:34":1,"s:24:4:24:Infinity":4,"s:26:2:26:Infinity":5,"f:35:16:35:28":3,"b:36:2:36:Infinity:undefined:undefined:undefined:undefined":2,"s:36:2:36:Infinity":6,"s:36:14:36:Infinity":7,"s:38:2:41:Infinity":8,"f:40:9:40:17":4,"s:40:17:40:Infinity":9},"fnNames":{}}}
,"F:\\Coding\\React\\Sistem-Hunian-V2\\src\\shared\\utils\\validations\\auth.ts": {"path":"F:\\Coding\\React\\Sistem-Hunian-V2\\src\\shared\\utils\\validations\\auth.ts","statementMap":{"0":{"start":{"line":4,"column":25},"end":{"line":10,"column":null}},"1":{"start":{"line":14,"column":2},"end":{"line":15,"column":null}},"2":{"start":{"line":15,"column":4},"end":{"line":15,"column":null}},"3":{"start":{"line":20,"column":27},"end":{"line":27,"column":null}},"4":{"start":{"line":23,"column":4},"end":{"line":23,"column":null}},"5":{"start":{"line":23,"column":35},"end":{"line":23,"column":null}},"6":{"start":{"line":24,"column":4},"end":{"line":24,"column":null}},"7":{"start":{"line":30,"column":36},"end":{"line":38,"column":null}},"8":{"start":{"line":36,"column":19},"end":{"line":36,"column":43}},"9":{"start":{"line":41,"column":35},"end":{"line":42,"column":null}},"10":{"start":{"line":45,"column":34},"end":{"line":48,"column":null}},"11":{"start":{"line":51,"column":34},"end":{"line":55,"column":null}},"12":{"start":{"line":52,"column":20},"end":{"line":52,"column":null}},"13":{"start":{"line":53,"column":17},"end":{"line":53,"column":44}},"14":{"start":{"line":58,"column":34},"end":{"line":62,"column":null}},"15":{"start":{"line":59,"column":20},"end":{"line":59,"column":null}},"16":{"start":{"line":60,"column":17},"end":{"line":60,"column":44}},"17":{"start":{"line":65,"column":30},"end":{"line":67,"column":null}},"18":{"start":{"line":70,"column":27},"end":{"line":71,"column":null}},"19":{"start":{"line":81,"column":29},"end":{"line":81,"column":31}},"20":{"start":{"line":82,"column":14},"end":{"line":82,"column":null}},"21":{"start":{"line":84,"column":2},"end":{"line":88,"column":null}},"22":{"start":{"line":85,"column":4},"end":{"line":85,"column":null}},"23":{"start":{"line":87,"column":4},"end":{"line":87,"column":null}},"24":{"start":{"line":90,"column":2},"end":{"line":94,"column":null}},"25":{"start":{"line":91,"column":4},"end":{"line":91,"column":null}},"26":{"start":{"line":93,"column":4},"end":{"line":93,"column":null}},"27":{"start":{"line":96,"column":2},"end":{"line":100,"column":null}},"28":{"start":{"line":97,"column":4},"end":{"line":97,"column":null}},"29":{"start":{"line":99,"column":4},"end":{"line":99,"column":null}},"30":{"start":{"line":102,"column":2},"end":{"line":106,"column":null}},"31":{"start":{"line":103,"column":4},"end":{"line":103,"column":null}},"32":{"start":{"line":105,"column":4},"end":{"line":105,"column":null}},"33":{"start":{"line":108,"column":2},"end":{"line":112,"column":null}},"34":{"start":{"line":109,"column":4},"end":{"line":109,"column":null}},"35":{"start":{"line":111,"column":4},"end":{"line":111,"column":null}},"36":{"start":{"line":115,"column":2},"end":{"line":123,"column":null}},"37":{"start":{"line":116,"column":4},"end":{"line":116,"column":null}},"38":{"start":{"line":117,"column":9},"end":{"line":123,"column":null}},"39":{"start":{"line":118,"column":4},"end":{"line":118,"column":null}},"40":{"start":{"line":119,"column":9},"end":{"line":123,"column":null}},"41":{"start":{"line":120,"column":4},"end":{"line":120,"column":null}},"42":{"start":{"line":122,"column":4},"end":{"line":122,"column":null}},"43":{"start":{"line":125,"column":2},"end":{"line":125,"column":null}},"44":{"start":{"line":129,"column":29},"end":{"line":129,"column":null}},"45":{"start":{"line":130,"column":36},"end":{"line":130,"column":null}}},"fnMap":{"0":{"name":"isCommonPassword","decl":{"start":{"line":13,"column":16},"end":{"line":13,"column":33}},"loc":{"start":{"line":13,"column":49},"end":{"line":17,"column":null}},"line":13},"1":{"name":"(anonymous_1)","decl":{"start":{"line":14,"column":31},"end":{"line":14,"column":null}},"loc":{"start":{"line":15,"column":4},"end":{"line":15,"column":null}},"line":15},"2":{"name":"(anonymous_2)","decl":{"start":{"line":22,"column":10},"end":{"line":22,"column":11}},"loc":{"start":{"line":22,"column":11},"end":{"line":25,"column":5}},"line":22},"3":{"name":"(anonymous_3)","decl":{"start":{"line":36,"column":10},"end":{"line":36,"column":11}},"loc":{"start":{"line":36,"column":19},"end":{"line":36,"column":43}},"line":36},"4":{"name":"(anonymous_4)","decl":{"start":{"line":52,"column":13},"end":{"line":52,"column":20}},"loc":{"start":{"line":52,"column":20},"end":{"line":52,"column":null}},"line":52},"5":{"name":"(anonymous_5)","decl":{"start":{"line":53,"column":10},"end":{"line":53,"column":17}},"loc":{"start":{"line":53,"column":17},"end":{"line":53,"column":44}},"line":53},"6":{"name":"(anonymous_6)","decl":{"start":{"line":59,"column":13},"end":{"line":59,"column":20}},"loc":{"start":{"line":59,"column":20},"end":{"line":59,"column":null}},"line":59},"7":{"name":"(anonymous_7)","decl":{"start":{"line":60,"column":10},"end":{"line":60,"column":17}},"loc":{"start":{"line":60,"column":17},"end":{"line":60,"column":44}},"line":60},"8":{"name":"calculatePasswordStrength","decl":{"start":{"line":76,"column":16},"end":{"line":76,"column":42}},"loc":{"start":{"line":76,"column":58},"end":{"line":126,"column":null}},"line":76}},"branchMap":{"0":{"loc":{"start":{"line":23,"column":4},"end":{"line":23,"column":null}},"type":"if","locations":[{"start":{"line":23,"column":4},"end":{"line":23,"column":null}},{"start":{},"end":{}}],"line":23},"1":{"loc":{"start":{"line":23,"column":8},"end":{"line":23,"column":35}},"type":"binary-expr","locations":[{"start":{"line":23,"column":8},"end":{"line":23,"column":16}},{"start":{"line":23,"column":16},"end":{"line":23,"column":35}}],"line":23},"2":{"loc":{"start":{"line":84,"column":2},"end":{"line":88,"column":null}},"type":"if","locations":[{"start":{"line":84,"column":2},"end":{"line":88,"column":null}},{"start":{"line":86,"column":9},"end":{"line":88,"column":null}}],"line":84},"3":{"loc":{"start":{"line":90,"column":2},"end":{"line":94,"column":null}},"type":"if","locations":[{"start":{"line":90,"column":2},"end":{"line":94,"column":null}},{"start":{"line":92,"column":9},"end":{"line":94,"column":null}}],"line":90},"4":{"loc":{"start":{"line":96,"column":2},"end":{"line":100,"column":null}},"type":"if","locations":[{"start":{"line":96,"column":2},"end":{"line":100,"column":null}},{"start":{"line":98,"column":9},"end":{"line":100,"column":null}}],"line":96},"5":{"loc":{"start":{"line":102,"column":2},"end":{"line":106,"column":null}},"type":"if","locations":[{"start":{"line":102,"column":2},"end":{"line":106,"column":null}},{"start":{"line":104,"column":9},"end":{"line":106,"column":null}}],"line":102},"6":{"loc":{"start":{"line":108,"column":2},"end":{"line":112,"column":null}},"type":"if","locations":[{"start":{"line":108,"column":2},"end":{"line":112,"column":null}},{"start":{"line":110,"column":9},"end":{"line":112,"column":null}}],"line":108},"7":{"loc":{"start":{"line":115,"column":2},"end":{"line":123,"column":null}},"type":"if","locations":[{"start":{"line":115,"column":2},"end":{"line":123,"column":null}},{"start":{"line":117,"column":9},"end":{"line":123,"column":null}}],"line":115},"8":{"loc":{"start":{"line":117,"column":9},"end":{"line":123,"column":null}},"type":"if","locations":[{"start":{"line":117,"column":9},"end":{"line":123,"column":null}},{"start":{"line":119,"column":9},"end":{"line":123,"column":null}}],"line":117},"9":{"loc":{"start":{"line":119,"column":9},"end":{"line":123,"column":null}},"type":"if","locations":[{"start":{"line":119,"column":9},"end":{"line":123,"column":null}},{"start":{"line":121,"column":9},"end":{"line":123,"column":null}}],"line":119}},"s":{"0":2,"1":15,"2":320,"3":2,"4":7,"5":2,"6":5,"7":2,"8":7,"9":2,"10":2,"11":2,"12":5,"13":5,"14":2,"15":4,"16":4,"17":2,"18":2,"19":0,"20":0,"21":0,"22":0,"23":0,"24":0,"25":0,"26":0,"27":0,"28":0,"29":0,"30":0,"31":0,"32":0,"33":0,"34":0,"35":0,"36":0,"37":0,"38":0,"39":0,"40":0,"41":0,"42":0,"43":0,"44":2,"45":2},"f":{"0":15,"1":320,"2":7,"3":7,"4":5,"5":5,"6":4,"7":4,"8":0},"b":{"0":[2,5],"1":[7,5],"2":[0,0],"3":[0,0],"4":[0,0],"5":[0,0],"6":[0,0],"7":[0,0],"8":[0,0],"9":[0,0]},"meta":{"lastBranch":10,"lastFunction":9,"lastStatement":46,"seen":{"s:4:25:10:Infinity":0,"f:13:16:13:33":0,"s:14:2:15:Infinity":1,"f:14:31:14:Infinity":1,"s:15:4:15:Infinity":2,"s:20:27:27:Infinity":3,"f:22:10:22:11":2,"b:23:4:23:Infinity:undefined:undefined:undefined:undefined":0,"s:23:4:23:Infinity":4,"b:23:8:23:16:23:16:23:35":1,"s:23:35:23:Infinity":5,"s:24:4:24:Infinity":6,"s:30:36:38:Infinity":7,"f:36:10:36:11":3,"s:36:19:36:43":8,"s:41:35:42:Infinity":9,"s:45:34:48:Infinity":10,"s:51:34:55:Infinity":11,"f:52:13:52:20":4,"s:52:20:52:Infinity":12,"f:53:10:53:17":5,"s:53:17:53:44":13,"s:58:34:62:Infinity":14,"f:59:13:59:20":6,"s:59:20:59:Infinity":15,"f:60:10:60:17":7,"s:60:17:60:44":16,"s:65:30:67:Infinity":17,"s:70:27:71:Infinity":18,"f:76:16:76:42":8,"s:81:29:81:31":19,"s:82:14:82:Infinity":20,"b:84:2:88:Infinity:86:9:88:Infinity":2,"s:84:2:88:Infinity":21,"s:85:4:85:Infinity":22,"s:87:4:87:Infinity":23,"b:90:2:94:Infinity:92:9:94:Infinity":3,"s:90:2:94:Infinity":24,"s:91:4:91:Infinity":25,"s:93:4:93:Infinity":26,"b:96:2:100:Infinity:98:9:100:Infinity":4,"s:96:2:100:Infinity":27,"s:97:4:97:Infinity":28,"s:99:4:99:Infinity":29,"b:102:2:106:Infinity:104:9:106:Infinity":5,"s:102:2:106:Infinity":30,"s:103:4:103:Infinity":31,"s:105:4:105:Infinity":32,"b:108:2:112:Infinity:110:9:112:Infinity":6,"s:108:2:112:Infinity":33,"s:109:4:109:Infinity":34,"s:111:4:111:Infinity":35,"b:115:2:123:Infinity:117:9:123:Infinity":7,"s:115:2:123:Infinity":36,"s:116:4:116:Infinity":37,"b:117:9:123:Infinity:119:9:123:Infinity":8,"s:117:9:123:Infinity":38,"s:118:4:118:Infinity":39,"b:119:9:123:Infinity:121:9:123:Infinity":9,"s:119:9:123:Infinity":40,"s:120:4:120:Infinity":41,"s:122:4:122:Infinity":42,"s:125:2:125:Infinity":43,"s:129:29:129:Infinity":44,"s:130:36:130:Infinity":45},"fnNames":{}}}
}
