TN:
SF:src\features\audit\api\auditApi.ts
FN:4,getAuditRoomStatus
FN:23,exportAuditCsv
FN:40,getUsersList
FNF:3
FNH:3
FNDA:11,getAuditRoomStatus
FNDA:3,exportAuditCsv
FNDA:4,getUsersList
DA:5,11
DA:9,11
DA:10,11
DA:11,11
DA:12,11
DA:13,11
DA:14,11
DA:16,11
DA:17,9
DA:26,3
DA:27,3
DA:28,3
DA:29,3
DA:30,3
DA:31,3
DA:32,3
DA:34,3
DA:37,2
DA:41,4
DA:43,2
LF:20
LH:20
BRDA:9,0,0,2
BRDA:9,0,1,9
BRDA:10,1,0,2
BRDA:10,1,1,9
BRDA:11,2,0,2
BRDA:11,2,1,9
BRDA:12,3,0,2
BRDA:12,3,1,9
BRDA:13,4,0,2
BRDA:13,4,1,9
BRDA:14,5,0,2
BRDA:14,5,1,9
BRDA:18,6,0,9
BRDA:18,6,1,0
BRDA:19,7,0,11
BRDA:19,7,1,5
BRDA:27,8,0,1
BRDA:27,8,1,2
BRDA:28,9,0,0
BRDA:28,9,1,3
BRDA:29,10,0,0
BRDA:29,10,1,3
BRDA:30,11,0,1
BRDA:30,11,1,2
BRDA:31,12,0,1
BRDA:31,12,1,2
BRDA:32,13,0,0
BRDA:32,13,1,3
BRDA:43,14,0,2
BRDA:43,14,1,0
BRDA:43,15,0,0
BRDA:43,15,1,0
BRF:32
BRH:25
end_of_record
TN:
SF:src\features\audit\hooks\useAudit.ts
FN:10,useAuditRoomStatus
FN:13,(anonymous_1)
FN:17,useAuditUsersList
FNF:3
FNH:3
FNDA:12,useAuditRoomStatus
FNDA:6,(anonymous_1)
FNDA:4,useAuditUsersList
DA:8,1
DA:11,12
DA:13,6
DA:18,4
LF:4
LH:4
BRF:0
BRH:0
end_of_record
TN:
SF:src\features\auth\api\authApi.ts
FN:5,getMe
FN:10,login
FN:21,updateMe
FN:32,changePassword
FNF:4
FNH:4
FNDA:2,getMe
FNDA:3,login
FNDA:3,updateMe
FNDA:2,changePassword
DA:4,1
DA:6,2
DA:7,1
DA:14,3
DA:18,1
DA:29,3
DA:36,2
LF:7
LH:7
BRF:0
BRH:0
end_of_record
TN:
SF:src\features\auth\components\AuthForm.tsx
FN:37,FloatingOrbs
FN:51,BrandPanel
FN:96,(anonymous_2)
FN:118,AuthForm
FN:122,(anonymous_4)
FN:147,(anonymous_5)
FN:149,(anonymous_6)
FN:159,(anonymous_7)
FN:162,(anonymous_8)
FN:164,(anonymous_9)
FN:167,(anonymous_10)
FN:371,(anonymous_11)
FN:403,(anonymous_12)
FNF:13
FNH:8
FNDA:52,FloatingOrbs
FNDA:26,BrandPanel
FNDA:78,(anonymous_2)
FNDA:26,AuthForm
FNDA:9,(anonymous_4)
FNDA:9,(anonymous_5)
FNDA:0,(anonymous_6)
FNDA:0,(anonymous_7)
FNDA:1,(anonymous_8)
FNDA:0,(anonymous_9)
FNDA:2,(anonymous_10)
FNDA:0,(anonymous_11)
FNDA:0,(anonymous_12)
DA:29,1
DA:38,52
DA:52,26
DA:70,26
DA:96,78
DA:119,26
DA:120,26
DA:121,26
DA:122,9
DA:124,26
DA:125,26
DA:126,26
DA:127,26
DA:128,26
DA:130,26
DA:131,26
DA:132,26
DA:136,26
DA:139,26
DA:147,26
DA:148,9
DA:149,0
DA:150,0
DA:151,0
DA:152,0
DA:153,0
DA:154,0
DA:156,0
DA:159,0
DA:162,26
DA:163,1
DA:164,1
DA:167,26
DA:168,2
DA:169,2
DA:170,2
DA:171,2
DA:173,2
DA:174,1
DA:175,1
DA:176,1
DA:177,0
DA:178,0
DA:179,0
DA:181,1
DA:182,1
DA:183,1
DA:184,1
DA:185,1
DA:188,1
DA:189,1
DA:190,1
DA:191,1
DA:192,0
DA:194,1
DA:196,1
DA:197,1
DA:200,26
DA:202,26
DA:371,0
DA:403,0
LF:61
LH:47
BRDA:136,0,0,26
BRDA:136,0,1,26
BRDA:142,1,0,26
BRDA:142,1,1,26
BRDA:148,2,0,9
BRDA:148,2,1,0
BRDA:151,3,0,0
BRDA:151,3,1,0
BRDA:168,4,0,0
BRDA:168,4,1,2
BRDA:168,5,0,2
BRDA:168,5,1,0
BRDA:173,6,0,1
BRDA:173,6,1,1
BRDA:176,7,0,0
BRDA:176,7,1,1
BRDA:191,8,0,0
BRDA:191,8,1,1
BRDA:200,9,0,26
BRDA:200,9,1,0
BRDA:278,10,0,26
BRDA:278,10,1,0
BRDA:292,11,0,26
BRDA:292,11,1,0
BRDA:328,12,0,26
BRDA:328,12,1,24
BRDA:331,13,0,2
BRDA:331,13,1,24
BRDA:337,14,0,26
BRDA:337,14,1,2
BRDA:355,15,0,0
BRDA:355,15,1,26
BRDA:359,16,0,26
BRDA:359,16,1,24
BRDA:362,17,0,2
BRDA:362,17,1,24
BRDA:374,18,0,0
BRDA:374,18,1,26
BRDA:380,19,0,0
BRDA:380,19,1,26
BRDA:387,20,0,26
BRDA:387,20,1,2
BRDA:418,21,0,26
BRDA:418,21,1,24
BRDA:420,22,0,2
BRDA:420,22,1,24
BRF:46
BRH:33
end_of_record
TN:
SF:src\features\auth\components\ProtectedRoute.tsx
FN:15,getHomePath
FN:23,getRoleDisplayName
FN:31,ProtectedRoute
FN:71,(anonymous_3)
FNF:4
FNH:3
FNDA:0,getHomePath
FNDA:1,getRoleDisplayName
FNDA:6,ProtectedRoute
FNDA:1,(anonymous_3)
DA:8,1
DA:16,0
DA:20,0
DA:24,1
DA:28,1
DA:35,6
DA:36,6
DA:37,6
DA:42,6
DA:44,6
DA:45,1
DA:50,5
DA:51,2
DA:52,2
DA:62,3
DA:63,0
DA:66,3
DA:67,2
DA:68,1
DA:69,1
DA:70,1
DA:71,1
DA:73,1
DA:77,1
DA:81,2
DA:82,2
LF:26
LH:23
BRDA:20,0,0,0
BRDA:20,0,1,0
BRDA:28,1,0,1
BRDA:28,1,1,0
BRDA:42,2,0,6
BRDA:42,2,1,6
BRDA:43,3,0,6
BRDA:43,3,1,6
BRDA:44,4,0,1
BRDA:44,4,1,5
BRDA:44,5,0,6
BRDA:44,5,1,5
BRDA:44,5,2,0
BRDA:50,6,0,2
BRDA:50,6,1,3
BRDA:62,7,0,0
BRDA:62,7,1,3
BRDA:66,8,0,2
BRDA:66,8,1,1
BRDA:66,9,0,3
BRDA:66,9,1,2
BRDA:67,10,0,1
BRDA:67,10,1,1
BRDA:68,11,0,1
BRDA:68,11,1,0
BRF:25
BRH:19
end_of_record
TN:
SF:src\features\confirmations\api\confirmationApi.ts
FN:5,list
FN:14,create
FN:19,confirmDP
FN:23,expire
FN:27,updateDeadline
FNF:5
FNH:5
FNDA:6,list
FNDA:4,create
FNDA:5,confirmDP
FNDA:4,expire
FNDA:3,updateDeadline
DA:4,2
DA:6,6
DA:7,6
DA:8,6
DA:9,6
DA:10,6
DA:11,5
DA:15,4
DA:16,2
DA:20,5
DA:24,4
DA:28,3
LF:12
LH:12
BRDA:5,0,0,6
BRDA:5,1,0,6
BRDA:7,2,0,2
BRDA:7,2,1,4
BRDA:8,3,0,1
BRDA:8,3,1,5
BRDA:9,4,0,1
BRDA:9,4,1,5
BRDA:11,5,0,5
BRDA:11,5,1,0
BRDA:11,6,0,6
BRDA:11,6,1,3
BRF:12
BRH:11
end_of_record
TN:
SF:src\features\confirmations\hooks\useConfirmations.ts
FN:9,useConfirmations
FN:21,(anonymous_1)
FN:27,useCreateConfirmation
FN:31,(anonymous_3)
FN:34,(anonymous_4)
FN:44,useExpireConfirmation
FN:48,(anonymous_6)
FN:50,(anonymous_7)
FN:60,useConfirmDP
FN:63,(anonymous_9)
FN:65,(anonymous_10)
FN:74,useUpdateDeadline
FN:77,(anonymous_12)
FN:84,(anonymous_13)
FNF:14
FNH:14
FNDA:6,useConfirmations
FNDA:3,(anonymous_1)
FNDA:4,useCreateConfirmation
FNDA:2,(anonymous_3)
FNDA:1,(anonymous_4)
FNDA:4,useExpireConfirmation
FNDA:2,(anonymous_6)
FNDA:1,(anonymous_7)
FNDA:4,useConfirmDP
FNDA:2,(anonymous_9)
FNDA:1,(anonymous_10)
FNDA:2,useUpdateDeadline
FNDA:1,(anonymous_12)
FNDA:1,(anonymous_13)
DA:7,1
DA:16,6
DA:22,3
DA:28,4
DA:30,4
DA:32,2
DA:35,1
DA:37,1
DA:39,1
DA:45,4
DA:47,4
DA:48,2
DA:51,1
DA:53,1
DA:55,1
DA:61,4
DA:62,4
DA:64,2
DA:66,1
DA:67,1
DA:68,1
DA:69,1
DA:75,2
DA:76,2
DA:83,1
DA:85,1
LF:26
LH:26
BRDA:10,0,0,6
BRDA:11,1,0,6
BRF:2
BRH:2
end_of_record
TN:
SF:src\features\dashboard\api\dashboardApi.ts
FN:9,getSummary
FN:16,getAlerts
FN:22,getNotifications
FN:32,markNotificationRead
FN:36,markAllNotificationsRead
FN:40,clearReadNotifications
FNF:6
FNH:6
FNDA:6,getSummary
FNDA:4,getAlerts
FNDA:7,getNotifications
FNDA:4,markNotificationRead
FNDA:2,markAllNotificationsRead
FNDA:4,clearReadNotifications
DA:8,3
DA:10,6
DA:12,2
DA:13,6
DA:17,4
DA:18,4
DA:19,4
DA:23,7
DA:29,7
DA:33,4
DA:37,2
DA:41,4
LF:12
LH:12
BRDA:12,0,0,2
BRDA:12,0,1,0
BRDA:13,1,0,6
BRDA:13,1,1,0
BRDA:18,2,0,4
BRDA:18,2,1,0
BRDA:19,3,0,4
BRDA:19,3,1,0
BRDA:26,4,0,4
BRDA:26,4,1,3
BRDA:29,5,0,7
BRDA:29,5,1,5
BRF:12
BRH:8
end_of_record
TN:
SF:src\features\dashboard\components\DashboardCards.tsx
FN:19,SummaryCard
FN:62,AlertItem
FN:91,AlertPanel
FN:122,(anonymous_3)
FN:136,(anonymous_4)
FNF:5
FNH:1
FNDA:8,SummaryCard
FNDA:0,AlertItem
FNDA:0,AlertPanel
FNDA:0,(anonymous_3)
FNDA:0,(anonymous_4)
DA:28,8
DA:69,0
DA:92,0
DA:93,0
DA:94,0
DA:95,0
DA:97,0
DA:98,0
DA:106,0
DA:108,0
DA:122,0
DA:136,0
LF:12
LH:1
BRDA:33,0,0,8
BRDA:33,0,1,1
BRDA:34,1,0,8
BRDA:34,1,1,1
BRDA:47,2,0,1
BRDA:47,2,1,7
BRDA:51,3,0,7
BRDA:51,3,1,1
BRDA:73,4,0,0
BRDA:73,4,1,0
BRDA:81,5,0,0
BRDA:81,5,1,0
BRDA:93,6,0,0
BRDA:93,6,1,0
BRDA:94,7,0,0
BRDA:94,7,1,0
BRDA:97,8,0,0
BRDA:97,8,1,0
BRDA:106,9,0,0
BRDA:106,9,1,0
BRDA:129,10,0,0
BRDA:129,10,1,0
BRDA:146,11,0,0
BRDA:146,11,1,0
BRDA:149,12,0,0
BRDA:149,12,1,0
BRF:26
BRH:8
end_of_record
TN:
SF:src\features\dashboard\hooks\useDashboard.ts
FN:16,useDashboardSummary
FN:19,(anonymous_1)
FN:23,useDashboardAlerts
FN:26,(anonymous_3)
FN:30,useNotifications
FN:33,(anonymous_5)
FN:38,useMarkNotificationRead
FN:41,(anonymous_7)
FN:42,(anonymous_8)
FN:46,useClearReadNotifications
FN:49,(anonymous_10)
FN:50,(anonymous_11)
FN:54,useMarkAllNotificationsRead
FN:57,(anonymous_13)
FN:58,(anonymous_14)
FNF:15
FNH:15
FNDA:6,useDashboardSummary
FNDA:3,(anonymous_1)
FNDA:4,useDashboardAlerts
FNDA:2,(anonymous_3)
FNDA:6,useNotifications
FNDA:3,(anonymous_5)
FNDA:4,useMarkNotificationRead
FNDA:2,(anonymous_7)
FNDA:1,(anonymous_8)
FNDA:4,useClearReadNotifications
FNDA:2,(anonymous_10)
FNDA:1,(anonymous_11)
FNDA:2,useMarkAllNotificationsRead
FNDA:1,(anonymous_13)
FNDA:1,(anonymous_14)
DA:13,2
DA:14,2
DA:17,6
DA:19,3
DA:24,4
DA:26,2
DA:31,6
DA:33,3
DA:39,4
DA:40,4
DA:41,2
DA:42,1
DA:47,4
DA:48,4
DA:49,2
DA:50,1
DA:55,2
DA:56,2
DA:57,1
DA:58,1
LF:20
LH:20
BRF:0
BRH:0
end_of_record
TN:
SF:src\features\maintenance\api\maintenanceApi.ts
FN:9,list
FN:18,getById
FN:23,create
FN:28,update
FN:33,uploadFotoKerusakan
FN:43,uploadFotoPenanganan
FN:53,getLogs
FNF:7
FNH:7
FNDA:7,list
FNDA:4,getById
FNDA:4,create
FNDA:5,update
FNDA:3,uploadFotoKerusakan
FNDA:2,uploadFotoPenanganan
FNDA:3,getLogs
DA:8,2
DA:10,7
DA:11,7
DA:12,7
DA:13,7
DA:14,7
DA:15,6
DA:19,4
DA:20,2
DA:24,4
DA:25,2
DA:29,5
DA:30,4
DA:34,3
DA:35,3
DA:36,3
DA:40,2
DA:44,2
DA:45,2
DA:46,2
DA:50,2
DA:54,3
DA:55,3
LF:23
LH:23
BRDA:9,0,0,7
BRDA:9,1,0,7
BRDA:11,2,0,2
BRDA:11,2,1,5
BRDA:12,3,0,2
BRDA:12,3,1,5
BRDA:13,4,0,2
BRDA:13,4,1,5
BRDA:15,5,0,6
BRDA:15,5,1,0
BRDA:15,6,0,7
BRDA:15,6,1,4
BRDA:20,7,0,2
BRDA:20,7,1,2
BRDA:40,8,0,2
BRDA:40,8,1,2
BRDA:50,9,0,2
BRDA:50,9,1,2
BRDA:55,10,0,3
BRDA:55,10,1,3
BRF:20
BRH:19
end_of_record
TN:
SF:src\features\maintenance\hooks\useMaintenance.ts
FN:7,useMaintenances
FN:16,(anonymous_1)
FN:21,useMaintenanceById
FN:24,(anonymous_3)
FN:29,useCreateMaintenance
FN:32,(anonymous_5)
FN:34,(anonymous_6)
FN:38,useUpdateMaintenance
FN:41,(anonymous_8)
FN:48,(anonymous_9)
FN:52,useUploadFotoKerusakan
FN:55,(anonymous_11)
FN:57,(anonymous_12)
FN:63,useUploadFotoPenanganan
FN:66,(anonymous_14)
FN:68,(anonymous_15)
FN:74,useMaintenanceLogs
FN:77,(anonymous_17)
FNF:18
FNH:18
FNDA:8,useMaintenances
FNDA:4,(anonymous_1)
FNDA:5,useMaintenanceById
FNDA:2,(anonymous_3)
FNDA:4,useCreateMaintenance
FNDA:2,(anonymous_5)
FNDA:1,(anonymous_6)
FNDA:4,useUpdateMaintenance
FNDA:2,(anonymous_8)
FNDA:2,(anonymous_9)
FNDA:2,useUploadFotoKerusakan
FNDA:1,(anonymous_11)
FNDA:1,(anonymous_12)
FNDA:2,useUploadFotoPenanganan
FNDA:1,(anonymous_14)
FNDA:1,(anonymous_15)
FNDA:3,useMaintenanceLogs
FNDA:1,(anonymous_17)
DA:5,1
DA:14,8
DA:17,4
DA:22,5
DA:24,2
DA:30,4
DA:31,4
DA:33,2
DA:34,1
DA:39,4
DA:40,4
DA:47,2
DA:48,2
DA:53,2
DA:54,2
DA:56,1
DA:58,1
DA:64,2
DA:65,2
DA:67,1
DA:69,1
DA:75,3
DA:77,1
LF:23
LH:23
BRDA:8,0,0,8
BRDA:9,1,0,8
BRF:2
BRH:2
end_of_record
TN:
SF:src\features\payments\api\paymentApi.ts
FN:5,list
FN:16,getById
FN:21,create
FN:26,markPaid
FN:30,uploadBukti
FN:39,update
FNF:6
FNH:6
FNDA:7,list
FNDA:3,getById
FNDA:4,create
FNDA:4,markPaid
FNDA:3,uploadBukti
FNDA:3,update
DA:4,2
DA:6,7
DA:7,7
DA:8,7
DA:9,7
DA:10,7
DA:11,7
DA:12,7
DA:13,6
DA:17,3
DA:18,2
DA:22,4
DA:23,2
DA:27,4
DA:31,3
DA:32,3
DA:33,3
DA:36,2
DA:40,3
LF:19
LH:19
BRDA:5,0,0,7
BRDA:5,1,0,7
BRDA:7,2,0,1
BRDA:7,2,1,6
BRDA:8,3,0,1
BRDA:8,3,1,6
BRDA:9,4,0,2
BRDA:9,4,1,5
BRDA:10,5,0,1
BRDA:10,5,1,6
BRDA:11,6,0,2
BRDA:11,6,1,5
BRDA:13,7,0,6
BRDA:13,7,1,0
BRDA:13,8,0,7
BRDA:13,8,1,4
BRDA:36,9,0,2
BRDA:36,9,1,0
BRF:18
BRH:16
end_of_record
TN:
SF:src\features\payments\hooks\usePayments.ts
FN:7,usePayments
FN:21,(anonymous_1)
FN:34,usePaymentById
FN:37,(anonymous_3)
FN:42,useCreatePayment
FN:45,(anonymous_5)
FN:46,(anonymous_6)
FN:53,useMarkPaid
FN:56,(anonymous_8)
FN:57,(anonymous_9)
FN:64,useUploadBukti
FN:67,(anonymous_11)
FN:69,(anonymous_12)
FN:73,useUpdatePayment
FN:76,(anonymous_14)
FN:83,(anonymous_15)
FNF:16
FNH:16
FNDA:8,usePayments
FNDA:4,(anonymous_1)
FNDA:3,usePaymentById
FNDA:1,(anonymous_3)
FNDA:4,useCreatePayment
FNDA:2,(anonymous_5)
FNDA:1,(anonymous_6)
FNDA:4,useMarkPaid
FNDA:2,(anonymous_8)
FNDA:1,(anonymous_9)
FNDA:2,useUploadBukti
FNDA:1,(anonymous_11)
FNDA:1,(anonymous_12)
FNDA:2,useUpdatePayment
FNDA:1,(anonymous_14)
FNDA:1,(anonymous_15)
DA:5,1
DA:16,8
DA:22,4
DA:35,3
DA:37,1
DA:43,4
DA:44,4
DA:45,2
DA:47,1
DA:48,1
DA:54,4
DA:55,4
DA:56,2
DA:58,1
DA:59,1
DA:65,2
DA:66,2
DA:68,1
DA:69,1
DA:74,2
DA:75,2
DA:82,1
DA:84,1
LF:23
LH:23
BRDA:8,0,0,8
BRDA:9,1,0,8
BRF:2
BRH:2
end_of_record
TN:
SF:src\features\profile\api\settingsApi.ts
FN:4,getUsers
FN:9,createUser
FN:18,deleteUser
FN:22,updateUser
FN:29,getWaConfig
FN:34,saveWaConfig
FNF:6
FNH:6
FNDA:2,getUsers
FNDA:3,createUser
FNDA:2,deleteUser
FNDA:2,updateUser
FNDA:2,getWaConfig
FNDA:3,saveWaConfig
DA:3,1
DA:5,2
DA:6,1
DA:15,3
DA:19,2
DA:26,2
DA:30,2
DA:31,1
DA:38,3
LF:9
LH:9
BRDA:6,0,0,1
BRDA:6,0,1,1
BRDA:6,0,2,0
BRF:3
BRH:2
end_of_record
TN:
SF:src\features\properties\api\propertyApi.ts
FN:5,list
FN:14,getById
FN:19,create
FN:24,update
FN:29,remove
FNF:5
FNH:5
FNDA:8,list
FNDA:4,getById
FNDA:4,create
FNDA:3,update
FNDA:4,remove
DA:4,2
DA:6,8
DA:9,6
DA:10,8
DA:11,8
DA:15,4
DA:16,2
DA:20,4
DA:21,2
DA:25,3
DA:26,2
DA:30,4
LF:12
LH:12
BRDA:5,0,0,8
BRDA:5,1,0,8
BRDA:5,2,0,8
BRDA:9,3,0,6
BRDA:9,3,1,0
BRDA:9,3,2,0
BRDA:10,4,0,8
BRDA:10,4,1,2
BRDA:11,5,0,6
BRDA:11,5,1,0
BRF:10
BRH:7
end_of_record
TN:
SF:src\features\properties\hooks\useProperties.ts
FN:7,useProperties
FN:10,(anonymous_1)
FN:14,usePropertyById
FN:17,(anonymous_3)
FN:22,useCreateProperty
FN:25,(anonymous_5)
FN:26,(anonymous_6)
FN:30,useUpdateProperty
FN:33,(anonymous_8)
FN:40,(anonymous_9)
FN:44,useDeleteProperty
FN:47,(anonymous_11)
FN:48,(anonymous_12)
FNF:13
FNH:13
FNDA:7,useProperties
FNDA:4,(anonymous_1)
FNDA:5,usePropertyById
FNDA:2,(anonymous_3)
FNDA:4,useCreateProperty
FNDA:2,(anonymous_5)
FNDA:1,(anonymous_6)
FNDA:2,useUpdateProperty
FNDA:1,(anonymous_8)
FNDA:1,(anonymous_9)
FNDA:4,useDeleteProperty
FNDA:2,(anonymous_11)
FNDA:1,(anonymous_12)
DA:5,1
DA:8,7
DA:10,4
DA:15,5
DA:17,2
DA:23,4
DA:24,4
DA:25,2
DA:26,1
DA:31,2
DA:32,2
DA:39,1
DA:40,1
DA:45,4
DA:46,4
DA:47,2
DA:48,1
LF:17
LH:17
BRDA:7,0,0,7
BRDA:7,1,0,7
BRDA:7,2,0,7
BRF:3
BRH:3
end_of_record
TN:
SF:src\features\rooms\api\roomApi.ts
FN:5,list
FN:14,getById
FN:19,create
FN:24,update
FN:29,remove
FNF:5
FNH:5
FNDA:6,list
FNDA:3,getById
FNDA:4,create
FNDA:3,update
FNDA:4,remove
DA:4,2
DA:6,6
DA:7,6
DA:8,6
DA:10,6
DA:11,5
DA:15,3
DA:16,2
DA:20,4
DA:21,2
DA:25,3
DA:26,2
DA:30,4
LF:13
LH:13
BRDA:5,0,0,6
BRDA:5,1,0,6
BRDA:5,2,0,6
BRDA:7,3,0,2
BRDA:7,3,1,4
BRDA:8,4,0,2
BRDA:8,4,1,4
BRDA:11,5,0,5
BRDA:11,5,1,0
BRDA:11,6,0,6
BRDA:11,6,1,3
BRF:11
BRH:10
end_of_record
TN:
SF:src\features\rooms\hooks\useRooms.ts
FN:7,useRooms
FN:10,(anonymous_1)
FN:14,useRoomById
FN:17,(anonymous_3)
FN:22,useCreateRoom
FN:25,(anonymous_5)
FN:26,(anonymous_6)
FN:33,useUpdateRoom
FN:36,(anonymous_8)
FN:38,(anonymous_9)
FN:45,useDeleteRoom
FN:48,(anonymous_11)
FN:49,(anonymous_12)
FNF:13
FNH:13
FNDA:6,useRooms
FNDA:3,(anonymous_1)
FNDA:3,useRoomById
FNDA:1,(anonymous_3)
FNDA:4,useCreateRoom
FNDA:2,(anonymous_5)
FNDA:1,(anonymous_6)
FNDA:2,useUpdateRoom
FNDA:1,(anonymous_8)
FNDA:1,(anonymous_9)
FNDA:4,useDeleteRoom
FNDA:2,(anonymous_11)
FNDA:1,(anonymous_12)
DA:5,1
DA:8,6
DA:10,3
DA:15,3
DA:17,1
DA:23,4
DA:24,4
DA:25,2
DA:27,1
DA:28,1
DA:34,2
DA:35,2
DA:37,1
DA:39,1
DA:40,1
DA:46,4
DA:47,4
DA:48,2
DA:50,1
DA:51,1
LF:20
LH:20
BRDA:7,0,0,6
BRDA:7,1,0,6
BRDA:7,2,0,6
BRF:3
BRH:3
end_of_record
TN:
SF:src\features\tenant\api\tenantApi.ts
FN:5,list
FN:15,getById
FN:20,create
FN:25,update
FN:30,checkout
FNF:5
FNH:5
FNDA:7,list
FNDA:4,getById
FNDA:4,create
FNDA:3,update
FNDA:5,checkout
DA:4,2
DA:6,7
DA:7,7
DA:8,7
DA:9,7
DA:11,7
DA:12,6
DA:16,4
DA:17,2
DA:21,4
DA:22,2
DA:26,3
DA:27,2
DA:31,5
LF:14
LH:14
BRDA:5,0,0,7
BRDA:5,1,0,7
BRDA:7,2,0,4
BRDA:7,2,1,3
BRDA:8,3,0,1
BRDA:8,3,1,6
BRDA:9,4,0,1
BRDA:9,4,1,6
BRDA:12,5,0,6
BRDA:12,5,1,0
BRDA:12,6,0,7
BRDA:12,6,1,4
BRF:12
BRH:11
end_of_record
TN:
SF:src\features\tenant\hooks\useTenants.ts
FN:7,useTenants
FN:16,(anonymous_1)
FN:20,useTenantById
FN:23,(anonymous_3)
FN:28,useActiveTenants
FN:37,useTenantHistory
FN:46,useCreateTenant
FN:49,(anonymous_7)
FN:50,(anonymous_8)
FN:58,useUpdateTenant
FN:61,(anonymous_10)
FN:68,(anonymous_11)
FN:74,useCheckoutTenant
FN:77,(anonymous_13)
FN:84,(anonymous_14)
FNF:15
FNH:15
FNDA:8,useTenants
FNDA:4,(anonymous_1)
FNDA:5,useTenantById
FNDA:2,(anonymous_3)
FNDA:2,useActiveTenants
FNDA:2,useTenantHistory
FNDA:4,useCreateTenant
FNDA:2,(anonymous_7)
FNDA:1,(anonymous_8)
FNDA:2,useUpdateTenant
FNDA:1,(anonymous_10)
FNDA:1,(anonymous_11)
FNDA:4,useCheckoutTenant
FNDA:2,(anonymous_13)
FNDA:1,(anonymous_14)
DA:5,1
DA:14,8
DA:16,4
DA:21,5
DA:23,2
DA:34,2
DA:43,2
DA:47,4
DA:48,4
DA:49,2
DA:51,1
DA:52,1
DA:53,1
DA:59,2
DA:60,2
DA:67,1
DA:69,1
DA:75,4
DA:76,4
DA:83,2
DA:85,1
DA:86,1
DA:87,1
DA:88,1
LF:24
LH:24
BRDA:8,0,0,8
BRDA:9,1,0,8
BRDA:29,2,0,2
BRDA:30,3,0,2
BRDA:38,4,0,2
BRDA:39,5,0,2
BRF:6
BRH:6
end_of_record
TN:
SF:src\features\viewer-requests\api\viewerRequestApi.ts
FN:11,(anonymous_0)
FN:18,(anonymous_1)
FNF:2
FNH:2
FNDA:3,(anonymous_0)
FNDA:3,(anonymous_1)
DA:10,1
DA:14,3
DA:15,1
DA:19,3
DA:22,2
LF:5
LH:5
BRDA:18,0,0,3
BRF:1
BRH:1
end_of_record
TN:
SF:src\shared\hooks\useDebounce.ts
FN:3,useDebounce
FN:6,(anonymous_1)
FN:7,(anonymous_2)
FN:11,(anonymous_3)
FNF:4
FNH:4
FNDA:19,useDebounce
FNDA:14,(anonymous_1)
FNDA:5,(anonymous_2)
FNDA:14,(anonymous_3)
DA:4,19
DA:6,19
DA:7,14
DA:8,5
DA:11,14
DA:12,14
DA:16,19
LF:7
LH:7
BRF:0
BRH:0
end_of_record
TN:
SF:src\shared\lib\axios.ts
FN:18,(anonymous_0)
FN:29,(anonymous_1)
FN:43,(anonymous_2)
FNF:3
FNH:3
FNDA:215,(anonymous_0)
FNDA:138,(anonymous_1)
FNDA:77,(anonymous_2)
DA:6,20
DA:7,20
DA:9,20
DA:18,20
DA:20,215
DA:21,215
DA:22,0
DA:24,215
DA:28,20
DA:33,138
DA:39,61
DA:41,138
DA:44,77
DA:46,9
DA:47,9
DA:48,9
DA:50,9
DA:54,9
DA:55,9
DA:58,77
LF:20
LH:19
BRDA:6,0,0,20
BRDA:6,0,1,0
BRDA:20,1,0,215
BRDA:20,1,1,215
BRDA:21,2,0,0
BRDA:21,2,1,215
BRDA:33,3,0,61
BRDA:33,3,1,77
BRDA:34,4,0,138
BRDA:34,4,1,138
BRDA:34,4,2,138
BRDA:34,4,3,108
BRDA:44,5,0,9
BRDA:44,5,1,68
BRDA:50,6,0,9
BRDA:50,6,1,9
BRDA:50,6,2,9
BRDA:50,6,3,9
BRDA:54,7,0,9
BRDA:54,7,1,0
BRF:20
BRH:17
end_of_record
TN:
SF:src\shared\utils\api-errors.ts
FN:117,getApiErrorMessage
FN:192,getApiErrorTitle
FNF:2
FNH:1
FNDA:21,getApiErrorMessage
FNDA:0,getApiErrorTitle
DA:16,2
DA:32,2
DA:91,2
DA:119,21
DA:120,17
DA:121,1
DA:122,0
DA:124,1
DA:128,1
DA:130,0
DA:133,16
DA:134,16
DA:137,16
DA:138,17
DA:140,17
DA:146,17
DA:147,4
DA:151,12
DA:152,1
DA:153,13
DA:154,0
DA:158,1
DA:163,1
DA:168,11
DA:169,11
DA:172,0
DA:176,4
DA:177,2
DA:178,2
DA:179,21
DA:180,1
DA:183,1
DA:186,2
DA:193,0
DA:194,0
DA:195,0
DA:196,0
DA:197,0
DA:198,0
DA:199,0
DA:200,0
DA:201,0
DA:202,0
DA:203,0
DA:205,0
LF:45
LH:29
BRDA:119,0,0,17
BRDA:119,0,1,4
BRDA:120,1,0,1
BRDA:120,1,1,16
BRDA:121,2,0,0
BRDA:121,2,1,1
BRDA:121,3,0,1
BRDA:121,3,1,1
BRDA:124,4,0,1
BRDA:124,4,1,0
BRDA:125,5,0,1
BRDA:125,5,1,1
BRDA:137,6,0,4
BRDA:137,6,1,12
BRDA:138,7,0,17
BRDA:138,7,1,12
BRDA:140,8,0,17
BRDA:140,8,1,16
BRDA:140,8,2,15
BRDA:140,8,3,0
BRDA:146,9,0,4
BRDA:146,9,1,13
BRDA:146,10,0,17
BRDA:146,10,1,4
BRDA:151,11,0,1
BRDA:151,11,1,11
BRDA:153,12,0,0
BRDA:153,12,1,13
BRDA:158,13,0,1
BRDA:158,13,1,0
BRDA:159,14,0,1
BRDA:159,14,1,1
BRDA:159,14,2,1
BRDA:168,15,0,11
BRDA:168,15,1,0
BRDA:176,16,0,2
BRDA:176,16,1,2
BRDA:179,17,0,1
BRDA:179,17,1,20
BRDA:183,18,0,1
BRDA:183,18,1,0
BRDA:183,19,0,1
BRDA:183,19,1,1
BRDA:193,20,0,0
BRDA:193,20,1,0
BRDA:194,21,0,0
BRDA:194,21,1,0
BRDA:196,22,0,0
BRDA:196,22,1,0
BRDA:197,23,0,0
BRDA:197,23,1,0
BRDA:198,24,0,0
BRDA:198,24,1,0
BRDA:199,25,0,0
BRDA:199,25,1,0
BRDA:200,26,0,0
BRDA:200,26,1,0
BRDA:201,27,0,0
BRDA:201,27,1,0
BRDA:202,28,0,0
BRDA:202,28,1,0
BRF:61
BRH:36
end_of_record
TN:
SF:src\shared\utils\breadcrumbUtils.ts
FN:23,getRoleDashboardLabel
FN:31,generateBreadcrumbs
FNF:2
FNH:2
FNDA:3,getRoleDashboardLabel
FNDA:13,generateBreadcrumbs
DA:9,1
DA:24,3
DA:25,1
DA:26,1
DA:27,1
DA:32,13
DA:33,13
DA:34,13
DA:36,13
DA:37,15
DA:38,15
DA:39,15
DA:43,15
DA:46,13
LF:14
LH:14
BRDA:24,0,0,1
BRDA:24,0,1,1
BRDA:24,0,2,1
BRDA:39,1,0,15
BRDA:39,1,1,4
BRDA:40,2,0,3
BRDA:40,2,1,1
BRDA:40,3,0,4
BRDA:40,3,1,2
BRF:9
BRH:9
end_of_record
TN:
SF:src\shared\utils\currency.ts
FN:5,(anonymous_0)
FN:14,(anonymous_1)
FN:27,(anonymous_2)
FNF:3
FNH:3
FNDA:6,(anonymous_0)
FNDA:7,(anonymous_1)
FNDA:4,(anonymous_2)
DA:5,1
DA:6,6
DA:7,4
DA:14,1
DA:15,7
DA:16,2
DA:18,5
DA:19,2
DA:21,3
DA:22,2
DA:24,1
DA:27,1
DA:29,4
DA:30,4
LF:14
LH:14
BRDA:6,0,0,2
BRDA:6,0,1,4
BRDA:15,1,0,2
BRDA:15,1,1,5
BRDA:18,2,0,2
BRDA:18,2,1,3
BRDA:21,3,0,2
BRDA:21,3,1,1
BRDA:30,4,0,4
BRDA:30,4,1,1
BRF:10
BRH:10
end_of_record
TN:
SF:src\shared\utils\dateUtils.ts
FN:7,(anonymous_0)
FN:14,(anonymous_1)
FN:22,(anonymous_2)
FN:23,(anonymous_3)
FN:26,(anonymous_4)
FN:35,(anonymous_5)
FN:44,(anonymous_6)
FN:54,(anonymous_7)
FN:59,(anonymous_8)
FN:64,(anonymous_9)
FN:71,(anonymous_10)
FN:76,(anonymous_11)
FN:81,(anonymous_12)
FNF:13
FNH:12
FNDA:2,(anonymous_0)
FNDA:1,(anonymous_1)
FNDA:1,(anonymous_2)
FNDA:1,(anonymous_3)
FNDA:1,(anonymous_4)
FNDA:1,(anonymous_5)
FNDA:4,(anonymous_6)
FNDA:1,(anonymous_7)
FNDA:11,(anonymous_8)
FNDA:4,(anonymous_9)
FNDA:4,(anonymous_10)
FNDA:2,(anonymous_11)
FNDA:0,(anonymous_12)
DA:7,1
DA:8,2
DA:14,1
DA:15,1
DA:16,1
DA:22,1
DA:23,1
DA:26,1
DA:27,1
DA:28,1
DA:35,1
DA:36,1
DA:37,1
DA:44,1
DA:45,4
DA:46,4
DA:47,4
DA:49,1
DA:54,1
DA:55,1
DA:59,1
DA:60,11
DA:64,1
DA:65,4
DA:66,4
DA:67,4
DA:68,4
DA:71,1
DA:72,4
DA:73,4
DA:76,1
DA:77,2
DA:78,2
DA:81,1
DA:82,0
DA:83,0
DA:84,0
LF:37
LH:34
BRDA:7,0,0,2
BRDA:14,1,0,1
BRDA:44,2,0,4
BRDA:46,3,0,3
BRDA:46,3,1,1
BRDA:64,4,0,4
BRDA:65,5,0,1
BRDA:65,5,1,3
BRDA:68,6,0,4
BRDA:68,6,1,3
BRDA:72,7,0,1
BRDA:72,7,1,3
BRDA:73,8,0,4
BRDA:73,8,1,2
BRDA:77,9,0,0
BRDA:77,9,1,2
BRDA:82,10,0,0
BRDA:82,10,1,0
BRDA:84,11,0,0
BRDA:84,11,1,0
BRF:20
BRH:15
end_of_record
TN:
SF:src\shared\utils\haptic.ts
FN:2,triggerHaptic
FNF:1
FNH:1
FNDA:8,triggerHaptic
DA:4,8
DA:5,7
DA:6,2
DA:7,2
DA:8,3
LF:5
LH:5
BRDA:4,0,0,7
BRDA:4,0,1,1
BRDA:4,1,0,8
BRDA:4,1,1,8
BRDA:5,2,0,2
BRDA:5,2,1,2
BRDA:5,2,2,3
BRF:7
BRH:7
end_of_record
TN:
SF:src\shared\utils\statusColors.ts
FN:7,(anonymous_0)
FN:21,(anonymous_1)
FN:38,(anonymous_2)
FN:55,(anonymous_3)
FN:70,(anonymous_4)
FN:122,(anonymous_5)
FN:134,(anonymous_6)
FN:150,(anonymous_7)
FN:167,(anonymous_8)
FN:184,(anonymous_9)
FN:200,(anonymous_10)
FN:293,(anonymous_11)
FNF:12
FNH:5
FNDA:5,(anonymous_0)
FNDA:7,(anonymous_1)
FNDA:7,(anonymous_2)
FNDA:5,(anonymous_3)
FNDA:5,(anonymous_4)
FNDA:0,(anonymous_5)
FNDA:0,(anonymous_6)
FNDA:0,(anonymous_7)
FNDA:0,(anonymous_8)
FNDA:0,(anonymous_9)
FNDA:0,(anonymous_10)
FNDA:0,(anonymous_11)
DA:7,1
DA:8,5
DA:11,2
DA:13,1
DA:15,1
DA:17,1
DA:21,1
DA:22,7
DA:24,1
DA:27,2
DA:29,1
DA:32,2
DA:34,1
DA:38,1
DA:39,7
DA:41,1
DA:44,2
DA:47,2
DA:49,1
DA:51,1
DA:55,1
DA:56,5
DA:58,1
DA:60,1
DA:62,1
DA:64,1
DA:66,1
DA:70,1
DA:71,5
DA:74,2
DA:76,1
DA:78,1
DA:80,1
DA:88,1
DA:96,1
DA:122,1
DA:125,0
DA:134,1
DA:135,0
DA:137,0
DA:140,0
DA:143,0
DA:145,0
DA:150,1
DA:151,0
DA:153,0
DA:155,0
DA:158,0
DA:160,0
DA:162,0
DA:167,1
DA:168,0
DA:170,0
DA:173,0
DA:175,0
DA:177,0
DA:179,0
DA:184,1
DA:185,0
DA:187,0
DA:189,0
DA:191,0
DA:193,0
DA:195,0
DA:200,1
DA:203,0
DA:204,0
DA:218,1
DA:293,1
DA:294,0
LF:70
LH:43
BRDA:8,0,0,1
BRDA:8,0,1,2
BRDA:8,0,2,1
BRDA:8,0,3,1
BRDA:8,0,4,1
BRDA:22,1,0,1
BRDA:22,1,1,1
BRDA:22,1,2,2
BRDA:22,1,3,1
BRDA:22,1,4,1
BRDA:22,1,5,2
BRDA:22,1,6,1
BRDA:39,2,0,1
BRDA:39,2,1,1
BRDA:39,2,2,2
BRDA:39,2,3,1
BRDA:39,2,4,2
BRDA:39,2,5,1
BRDA:39,2,6,1
BRDA:56,3,0,1
BRDA:56,3,1,1
BRDA:56,3,2,1
BRDA:56,3,3,1
BRDA:56,3,4,1
BRDA:71,4,0,1
BRDA:71,4,1,2
BRDA:71,4,2,1
BRDA:71,4,3,1
BRDA:71,4,4,1
BRDA:126,5,0,0
BRDA:126,5,1,0
BRDA:135,6,0,0
BRDA:135,6,1,0
BRDA:135,6,2,0
BRDA:135,6,3,0
BRDA:135,6,4,0
BRDA:135,6,5,0
BRDA:151,7,0,0
BRDA:151,7,1,0
BRDA:151,7,2,0
BRDA:151,7,3,0
BRDA:151,7,4,0
BRDA:151,7,5,0
BRDA:168,8,0,0
BRDA:168,8,1,0
BRDA:168,8,2,0
BRDA:168,8,3,0
BRDA:168,8,4,0
BRDA:168,8,5,0
BRDA:185,9,0,0
BRDA:185,9,1,0
BRDA:185,9,2,0
BRDA:185,9,3,0
BRDA:185,9,4,0
BRDA:203,10,0,0
BRDA:203,10,1,0
BRDA:206,11,0,0
BRDA:206,11,1,0
BRDA:295,12,0,0
BRDA:295,12,1,0
BRF:60
BRH:29
end_of_record
TN:
SF:src\shared\utils\utils.ts
FN:4,cn
FN:8,formatRupiah
FN:22,(anonymous_2)
FN:35,formatLabel
FN:40,(anonymous_4)
FNF:5
FNH:5
FNDA:268,cn
FNDA:4,formatRupiah
FNDA:4,(anonymous_2)
FNDA:6,formatLabel
FNDA:6,(anonymous_4)
DA:5,268
DA:9,4
DA:22,7
DA:23,4
DA:24,2
DA:26,4
DA:36,6
DA:38,3
DA:40,6
LF:9
LH:9
BRDA:23,0,0,2
BRDA:23,0,1,2
BRDA:23,1,0,4
BRDA:23,1,1,2
BRDA:36,2,0,3
BRDA:36,2,1,3
BRF:6
BRH:6
end_of_record
TN:
SF:src\shared\utils\validations\auth.ts
FN:13,isCommonPassword
FN:14,(anonymous_1)
FN:22,(anonymous_2)
FN:36,(anonymous_3)
FN:52,(anonymous_4)
FN:53,(anonymous_5)
FN:59,(anonymous_6)
FN:60,(anonymous_7)
FN:76,calculatePasswordStrength
FNF:9
FNH:8
FNDA:15,isCommonPassword
FNDA:320,(anonymous_1)
FNDA:7,(anonymous_2)
FNDA:7,(anonymous_3)
FNDA:5,(anonymous_4)
FNDA:5,(anonymous_5)
FNDA:4,(anonymous_6)
FNDA:4,(anonymous_7)
FNDA:0,calculatePasswordStrength
DA:4,2
DA:14,15
DA:15,320
DA:20,2
DA:23,7
DA:24,5
DA:30,2
DA:36,7
DA:41,2
DA:45,2
DA:51,2
DA:52,5
DA:53,5
DA:58,2
DA:59,4
DA:60,4
DA:65,2
DA:70,2
DA:81,0
DA:82,0
DA:84,0
DA:85,0
DA:87,0
DA:90,0
DA:91,0
DA:93,0
DA:96,0
DA:97,0
DA:99,0
DA:102,0
DA:103,0
DA:105,0
DA:108,0
DA:109,0
DA:111,0
DA:115,0
DA:116,0
DA:117,0
DA:118,0
DA:119,0
DA:120,0
DA:122,0
DA:125,0
DA:129,2
DA:130,2
LF:45
LH:20
BRDA:23,0,0,2
BRDA:23,0,1,5
BRDA:23,1,0,7
BRDA:23,1,1,5
BRDA:84,2,0,0
BRDA:84,2,1,0
BRDA:90,3,0,0
BRDA:90,3,1,0
BRDA:96,4,0,0
BRDA:96,4,1,0
BRDA:102,5,0,0
BRDA:102,5,1,0
BRDA:108,6,0,0
BRDA:108,6,1,0
BRDA:115,7,0,0
BRDA:115,7,1,0
BRDA:117,8,0,0
BRDA:117,8,1,0
BRDA:119,9,0,0
BRDA:119,9,1,0
BRF:20
BRH:4
end_of_record
